Copyright 1986-2022 Xilinx, Inc. All Rights Reserved. Copyright 2022-2025 Advanced Micro Devices, Inc. All Rights Reserved.
-------------------------------------------------------------------------------------------------------------------------------------------------
| Tool Version     : Vivado v.2025.2 (lin64) Build 6299465 Fri Nov 14 12:34:56 MST 2025
| Date             : Mon Mar 23 14:41:00 2026
| Host             : rocco running 64-bit Ubuntu 24.04.4 LTS
| Command          : report_power -file top_v4_power_routed.rpt -pb top_v4_power_summary_routed.pb -rpx top_v4_power_routed.rpx
| Design           : top_v4
| Device           : xc7a35tcpg236-1
| Design State     : routed
| Grade            : commercial
| Process          : typical
| Characterization : Production
-------------------------------------------------------------------------------------------------------------------------------------------------

Power Report

Table of Contents
-----------------
1. Summary
1.1 On-Chip Components
1.2 Power Supply Summary
1.3 Confidence Level
2. Settings
2.1 Environment
2.2 Clock Constraints
3. Detailed Reports
3.1 By Hierarchy

1. Summary
----------

+--------------------------+--------------+
| Total On-Chip Power (W)  | 0.323        |
| Design Power Budget (W)  | Unspecified* |
| Power Budget Margin (W)  | NA           |
| Dynamic (W)              | 0.249        |
| Device Static (W)        | 0.074        |
| Effective TJA (C/W)      | 5.0          |
| Max Ambient (C)          | 83.4         |
| Junction Temperature (C) | 26.6         |
| Confidence Level         | Medium       |
| Setting File             | ---          |
| Simulation Activity File | ---          |
| Design Nets Matched      | NA           |
+--------------------------+--------------+
* Specify Design Power Budget using, set_operating_conditions -design_power_budget <value in Watts>


1.1 On-Chip Components
----------------------

+----------------+-----------+----------+-----------+-----------------+
| On-Chip        | Power (W) | Used     | Available | Utilization (%) |
+----------------+-----------+----------+-----------+-----------------+
| Clocks         |     0.008 |        8 |       --- |             --- |
| Slice Logic    |     0.002 |     2263 |       --- |             --- |
|   LUT as Logic |     0.001 |      974 |     20800 |            4.68 |
|   Register     |    <0.001 |      866 |     41600 |            2.08 |
|   CARRY4       |    <0.001 |       67 |      8150 |            0.82 |
|   F7/F8 Muxes  |    <0.001 |       28 |     32600 |            0.09 |
|   Others       |     0.000 |      100 |       --- |             --- |
| Signals        |     0.002 |     1651 |       --- |             --- |
| Block RAM      |    <0.001 |       32 |        50 |           64.00 |
| MMCM           |     0.227 |        2 |         5 |           40.00 |
| I/O            |     0.011 |       47 |       106 |           44.34 |
| Static Power   |     0.074 |          |           |                 |
| Total          |     0.323 |          |           |                 |
+----------------+-----------+----------+-----------+-----------------+


1.2 Power Supply Summary
------------------------

+-----------+-------------+-----------+-------------+------------+-------------+-------------+------------+
| Source    | Voltage (V) | Total (A) | Dynamic (A) | Static (A) | Powerup (A) | Budget (A)  | Margin (A) |
+-----------+-------------+-----------+-------------+------------+-------------+-------------+------------+
| Vccint    |       1.000 |     0.023 |       0.012 |      0.011 |       NA    | Unspecified | NA         |
| Vccaux    |       1.800 |     0.139 |       0.126 |      0.013 |       NA    | Unspecified | NA         |
| Vcco33    |       3.300 |     0.004 |       0.003 |      0.001 |       NA    | Unspecified | NA         |
| Vcco25    |       2.500 |     0.000 |       0.000 |      0.000 |       NA    | Unspecified | NA         |
| Vcco18    |       1.800 |     0.000 |       0.000 |      0.000 |       NA    | Unspecified | NA         |
| Vcco15    |       1.500 |     0.000 |       0.000 |      0.000 |       NA    | Unspecified | NA         |
| Vcco135   |       1.350 |     0.000 |       0.000 |      0.000 |       NA    | Unspecified | NA         |
| Vcco12    |       1.200 |     0.000 |       0.000 |      0.000 |       NA    | Unspecified | NA         |
| Vccaux_io |       1.800 |     0.000 |       0.000 |      0.000 |       NA    | Unspecified | NA         |
| Vccbram   |       1.000 |     0.001 |       0.000 |      0.001 |       NA    | Unspecified | NA         |
| MGTAVcc   |       1.000 |     0.000 |       0.000 |      0.000 |       NA    | Unspecified | NA         |
| MGTAVtt   |       1.200 |     0.000 |       0.000 |      0.000 |       NA    | Unspecified | NA         |
| Vccadc    |       1.800 |     0.020 |       0.000 |      0.020 |       NA    | Unspecified | NA         |
+-----------+-------------+-----------+-------------+------------+-------------+-------------+------------+


1.3 Confidence Level
--------------------

+-----------------------------+------------+-------------------------------------------------------+------------------------------------------------------------------------------------------------------------+
| User Input Data             | Confidence | Details                                               | Action                                                                                                     |
+-----------------------------+------------+-------------------------------------------------------+------------------------------------------------------------------------------------------------------------+
| Design implementation state | High       | Design is routed                                      |                                                                                                            |
| Clock nodes activity        | High       | User specified more than 95% of clocks                |                                                                                                            |
| I/O nodes activity          | Medium     | More than 5% of inputs are missing user specification | Provide missing input activity with simulation results or by editing the "By Resource Type -> I/Os" view   |
| Internal nodes activity     | Medium     | User specified less than 25% of internal nodes        | Provide missing internal nodes activity with simulation results or by editing the "By Resource Type" views |
| Device models               | High       | Device models are Production                          |                                                                                                            |
|                             |            |                                                       |                                                                                                            |
| Overall confidence level    | Medium     |                                                       |                                                                                                            |
+-----------------------------+------------+-------------------------------------------------------+------------------------------------------------------------------------------------------------------------+


2. Settings
-----------

2.1 Environment
---------------

+-----------------------+--------------------------+
| Ambient Temp (C)      | 25.0                     |
| ThetaJA (C/W)         | 5.0                      |
| Airflow (LFM)         | 250                      |
| Heat Sink             | medium (Medium Profile)  |
| ThetaSA (C/W)         | 4.6                      |
| Board Selection       | medium (10"x10")         |
| # of Board Layers     | 12to15 (12 to 15 Layers) |
| Board Temperature (C) | 25.0                     |
+-----------------------+--------------------------+


2.2 Clock Constraints
---------------------

+-------------------------+--------------------------------------------------------------------------------------+-----------------+
| Clock                   | Domain                                                                               | Constraint (ns) |
+-------------------------+--------------------------------------------------------------------------------------+-----------------+
| clk_out1_clk_wiz_base_1 | base/inst/clk_out1                                                                   |            10.0 |
| clk_out1_clk_wiz_base_1 | base/inst/clk_out1_clk_wiz_base                                                      |            10.0 |
| clk_out1_clk_wiz_dyn_1  | u_clk_sel/u_clk_reconfig/u_clk_wiz/inst/CLK_CORE_DRP_I/clk_inst/clk_out1_clk_wiz_dyn |             6.2 |
| clkfbout_clk_wiz_base_1 | base/inst/clkfbout_clk_wiz_base                                                      |            83.3 |
| clkfbout_clk_wiz_dyn_1  | u_clk_sel/u_clk_reconfig/u_clk_wiz/inst/CLK_CORE_DRP_I/clk_inst/clkfbout_clk_wiz_dyn |            10.0 |
| sys_clk_pin             | sysclk                                                                               |            83.3 |
+-------------------------+--------------------------------------------------------------------------------------+-----------------+


3. Detailed Reports
-------------------

3.1 By Hierarchy
----------------

+---------------------+-----------+
| Name                | Power (W) |
+---------------------+-----------+
| top_v4              |     0.249 |
|   base              |     0.104 |
|     inst            |     0.104 |
|   u_adc             |     0.001 |
|   u_clk_sel         |     0.126 |
|     u_clk_reconfig  |     0.126 |
|       u_clk_wiz     |     0.126 |
|   u_tx_fifo         |     0.003 |
|     U0              |     0.003 |
|       inst_fifo_gen |     0.003 |
+---------------------+-----------+


