Copyright 1986-2022 Xilinx, Inc. All Rights Reserved. Copyright 2022-2025 Advanced Micro Devices, Inc. All Rights Reserved.
---------------------------------------------------------------------------------------------------------------------------------------------
| Tool Version : Vivado v.2025.2 (lin64) Build 6299465 Fri Nov 14 12:34:56 MST 2025
| Date         : Thu Apr  2 21:25:40 2026
| Host         : rocco running 64-bit Ubuntu 24.04.4 LTS
| Command      : report_control_sets -verbose -file top_v4_control_sets_placed.rpt
| Design       : top_v4
| Device       : xc7a35t
---------------------------------------------------------------------------------------------------------------------------------------------

Control Set Information

Table of Contents
-----------------
1. Summary
2. Histogram
3. Flip-Flop Distribution
4. Detailed Control Set Information

1. Summary
----------

+----------------------------------------------------------+-------+
|                          Status                          | Count |
+----------------------------------------------------------+-------+
| Total control sets                                       |    40 |
|    Minimum number of control sets                        |    40 |
|    Addition due to synthesis replication                 |     0 |
|    Addition due to physical synthesis replication        |     0 |
| Unused register locations in slices containing registers |   146 |
+----------------------------------------------------------+-------+
* Control sets can be merged at opt_design using control_set_merge or merge_equivalent_drivers
** Run report_qor_suggestions for automated merging and remapping suggestions


2. Histogram
------------

+--------------------+-------+
|       Fanout       | Count |
+--------------------+-------+
| Total control sets |    40 |
| >= 0 to < 4        |    12 |
| >= 4 to < 6        |     7 |
| >= 6 to < 8        |     0 |
| >= 8 to < 10       |    12 |
| >= 10 to < 12      |     3 |
| >= 12 to < 14      |     0 |
| >= 14 to < 16      |     1 |
| >= 16              |     5 |
+--------------------+-------+
* Control sets can be remapped at either synth_design or opt_design


3. Flip-Flop Distribution
-------------------------

+--------------+-----------------------+------------------------+-----------------+--------------+
| Clock Enable | Synchronous Set/Reset | Asynchronous Set/Reset | Total Registers | Total Slices |
+--------------+-----------------------+------------------------+-----------------+--------------+
| No           | No                    | No                     |               9 |            8 |
| No           | No                    | Yes                    |              15 |            6 |
| No           | Yes                   | No                     |              47 |           20 |
| Yes          | No                    | No                     |              15 |            5 |
| Yes          | No                    | Yes                    |              33 |            9 |
| Yes          | Yes                   | No                     |             207 |           68 |
+--------------+-----------------------+------------------------+-----------------+--------------+


4. Detailed Control Set Information
-----------------------------------

+--------------------------+---------------------------------------------------------------------------------------------+-------------------------------------+------------------+----------------+--------------+
|       Clock Signal       |                                        Enable Signal                                        |           Set/Reset Signal          | Slice Load Count | Bel Load Count | Bels / Slice |
+--------------------------+---------------------------------------------------------------------------------------------+-------------------------------------+------------------+----------------+--------------+
|  u_clk_wiz/inst/clk_out1 | u_adc/ADC_CLK_i_1_n_0                                                                       | u_reset_gen/reset                   |                1 |              1 |         1.00 |
|  u_clk_wiz/inst/clk_out1 | u_tx/tx_reg_i_1_n_0                                                                         | u_reset_gen/reset                   |                1 |              1 |         1.00 |
|  u_clk_wiz/inst/clk_out1 | u_dac_spi/DAC_CS4_out                                                                       | u_reset_gen/reset                   |                1 |              1 |         1.00 |
|  u_clk_wiz/inst/clk_out1 | u_dac_spi/DAC_SDI5_out                                                                      | u_reset_gen/reset                   |                1 |              1 |         1.00 |
|  u_clk_wiz/inst/clk_out1 | u_scan_chain/SCAN_IN_i_1_n_0                                                                | u_reset_gen/reset                   |                1 |              1 |         1.00 |
|  u_clk_wiz/inst/clk_out1 | u_scan_chain/SCAN_CLK_i_1_n_0                                                               | u_reset_gen/reset                   |                1 |              1 |         1.00 |
|  u_clk_wiz/inst/clk_out1 | u_adc/ADC_ENC_i_1_n_0                                                                       | u_reset_gen/reset                   |                1 |              1 |         1.00 |
|  u_clk_wiz/inst/clk_out1 | u_adc/DATA_LOAD_i_1_n_0                                                                     | u_reset_gen/reset                   |                1 |              1 |         1.00 |
|  u_clk_wiz/inst/clk_out1 | u_scan_chain/SCAN_SEL_i_1_n_0                                                               | u_reset_gen/reset                   |                1 |              1 |         1.00 |
|  u_clk_wiz/inst/clk_out1 | u_scan_chain/SCAN_RSTB9_out                                                                 |                                     |                1 |              1 |         1.00 |
|  sysclk_IBUF             |                                                                                             |                                     |                1 |              2 |         2.00 |
|  u_clk_wiz/inst/clk_out1 | u_adc/ADC_SH_i_1_n_0                                                                        | u_reset_gen/reset                   |                2 |              2 |         1.00 |
|  u_clk_wiz/inst/clk_out1 | u_baud_match/r_reg_reg[2]_0[0]                                                              | u_reset_gen/reset                   |                1 |              4 |         4.00 |
|  u_clk_wiz/inst/clk_out1 | u_baud_match/E[0]                                                                           | u_reset_gen/reset                   |                1 |              4 |         4.00 |
|  u_clk_wiz/inst/clk_out1 | u_dac_spi/cmd_index[3]_i_1_n_0                                                              | u_reset_gen/reset                   |                1 |              4 |         4.00 |
|  u_clk_wiz/inst/clk_out1 |                                                                                             | u_reset_gen/rst_pipe_reg[3]_0       |                2 |              5 |         2.50 |
|  u_clk_wiz/inst/clk_out1 | u_dac_spi/bit_cnt[4]_i_1_n_0                                                                | u_reset_gen/reset                   |                2 |              5 |         2.50 |
|  u_clk_wiz/inst/clk_out1 | u_dac_spi/shift_reg[21]_i_1_n_0                                                             | u_dac_spi/shift_reg[22]_i_1_n_0     |                2 |              5 |         2.50 |
|  u_clk_wiz/inst/clk_out1 | u_dac_spi/shift_reg[21]_i_1_n_0                                                             | u_dac_spi/shift_reg[24]_i_1_n_0     |                2 |              5 |         2.50 |
|  u_clk_wiz/inst/clk_out1 | u_scan_chain/scan_bit_cnt_0[0]                                                              | u_reset_gen/reset                   |                2 |              8 |         4.00 |
|  u_clk_wiz/inst/clk_out1 | u_tx/shift_out_reg[7]_i_1_n_0                                                               | u_reset_gen/reset                   |                3 |              8 |         2.67 |
|  u_clk_wiz/inst/clk_out1 | u_adc/DATA_SCLK_OBUF                                                                        | u_reset_gen/reset                   |                4 |              8 |         2.00 |
|  u_clk_wiz/inst/clk_out1 | u_rx/shift_out_next[0]                                                                      | u_reset_gen/reset                   |                1 |              8 |         8.00 |
|  u_clk_wiz/inst/clk_out1 |                                                                                             |                                     |                7 |              8 |         1.14 |
|  u_clk_wiz/inst/clk_out1 | u_rx/wr_en_next                                                                             | u_reset_gen/reset                   |                2 |              8 |         4.00 |
|  u_clk_wiz/inst/clk_out1 | u_adc/tx_data_in[7]_i_1_n_0                                                                 | u_reset_gen/reset                   |                5 |              8 |         1.60 |
|  u_clk_wiz/inst/clk_out1 | u_cmd_parser/rx_code[23]_i_1_n_0                                                            | u_reset_gen/reset                   |                2 |              8 |         4.00 |
|  u_clk_wiz/inst/clk_out1 | u_cmd_parser/adc_setting[7]_i_1_n_0                                                         | u_reset_gen/reset                   |                1 |              8 |         8.00 |
|  u_clk_wiz/inst/clk_out1 | u_cmd_parser/rx_code[15]_i_1_n_0                                                            | u_reset_gen/reset                   |                3 |              8 |         2.67 |
|  u_clk_wiz/inst/clk_out1 |                                                                                             | u_scan_chain/scan_ce_cnt[0]_i_1_n_0 |                2 |              8 |         4.00 |
|  u_clk_wiz/inst/clk_out1 |                                                                                             | u_dac_spi/spi_div_cnt[8]_i_1_n_0    |                2 |              9 |         4.50 |
|  u_clk_wiz/inst/clk_out1 | u_cmd_parser/REF_LO[9]_i_1_n_0                                                              | u_reset_gen/reset                   |                4 |             10 |         2.50 |
|  u_clk_wiz/inst/clk_out1 | u_cmd_parser/REF_HI[9]_i_1_n_0                                                              | u_reset_gen/reset                   |                3 |             10 |         3.33 |
|  u_clk_wiz/inst/clk_out1 | u_scan_chain/scan_chain[0]                                                                  | u_reset_gen/reset                   |                2 |             10 |         5.00 |
|  u_clk_wiz/inst/clk_out1 | u_dac_spi/shift_reg[21]_i_1_n_0                                                             |                                     |                4 |             14 |         3.50 |
|  u_clk_wiz/inst/clk_out1 | u_cmd_parser/E[0]                                                                           | u_reset_gen/reset                   |                2 |             16 |         8.00 |
|  u_clk_wiz/inst/clk_out1 | u_cmd_parser/NUM_SAMPLES[15]_i_1_n_0                                                        | u_reset_gen/reset                   |                4 |             16 |         4.00 |
|  u_clk_wiz/inst/clk_out1 | u_tx_fifo/U0/inst_fifo_gen/gconvfifo.rf/grf.rf/gntv_or_sync_fifo.gl0.wr/gwss.wsts/E[0]      | u_reset_gen/reset                   |                9 |             34 |         3.78 |
|  u_clk_wiz/inst/clk_out1 | u_tx_fifo/U0/inst_fifo_gen/gconvfifo.rf/grf.rf/gntv_or_sync_fifo.gl0.rd/grss.rsts/ram_rd_en | u_reset_gen/reset                   |               10 |             34 |         3.40 |
|  u_clk_wiz/inst/clk_out1 |                                                                                             | u_reset_gen/reset                   |               20 |             40 |         2.00 |
+--------------------------+---------------------------------------------------------------------------------------------+-------------------------------------+------------------+----------------+--------------+


