
*** Running vivado
    with args -log clk_wiz_dyn.vds -m64 -product Vivado -mode batch -messageDb vivado.pb -notrace -source clk_wiz_dyn.tcl


****** Vivado v2025.2 (64-bit)
  **** SW Build 6299465 on Fri Nov 14 12:34:56 MST 2025
  **** IP Build 6300035 on Fri Nov 14 10:48:45 MST 2025
  **** SharedData Build 6298862 on Thu Nov 13 04:50:51 MST 2025
  **** Start of session at: Mon Mar 23 13:36:27 2026
    ** Copyright 1986-2022 Xilinx, Inc. All Rights Reserved.
    ** Copyright 2022-2025 Advanced Micro Devices, Inc. All Rights Reserved.

source clk_wiz_dyn.tcl -notrace
Command: synth_design -top clk_wiz_dyn -part xc7a35tcpg236-1 -incremental_mode off -mode out_of_context
Starting synth_design
Attempting to get a license for feature 'Synthesis' and/or device 'xc7a35t'
INFO: [Common 17-349] Got license for feature 'Synthesis' and/or device 'xc7a35t'
INFO: [Device 21-403] Loading part xc7a35tcpg236-1
INFO: [Synth 8-7079] Multithreading enabled for synth_design using a maximum of 7 processes.
INFO: [Synth 8-7078] Launching helper process for spawning children vivado processes
INFO: [Synth 8-7075] Helper process launched with PID 594446
---------------------------------------------------------------------------------
Starting RTL Elaboration : Time (s): cpu = 00:00:03 ; elapsed = 00:00:03 . Memory (MB): peak = 2227.496 ; gain = 482.875 ; free physical = 835 ; free virtual = 4678
---------------------------------------------------------------------------------
INFO: [Synth 8-6157] synthesizing module 'clk_wiz_dyn' [/home/frankie/WCIS/FLASH-ADC-CHARACTERIZATION/vivado projects/adc_control_schanchain_and_adctop/adc_control_schanchain_and_adctop.gen/sources_1/ip/clk_wiz_dyn/clk_wiz_dyn.v:65]
INFO: [Synth 8-638] synthesizing module 'clk_wiz_dyn_axi_clk_config' [/home/frankie/WCIS/FLASH-ADC-CHARACTERIZATION/vivado projects/adc_control_schanchain_and_adctop/adc_control_schanchain_and_adctop.gen/sources_1/ip/clk_wiz_dyn/clk_wiz_dyn_axi_clk_config.vhd:190]
	Parameter C_S_AXI_ADDR_WIDTH bound to: 11 - type: integer 
	Parameter C_S_AXI_DATA_WIDTH bound to: 32 - type: integer 
INFO: [Synth 8-638] synthesizing module 'clk_wiz_dyn_axi_lite_ipif' [/home/frankie/WCIS/FLASH-ADC-CHARACTERIZATION/vivado projects/adc_control_schanchain_and_adctop/adc_control_schanchain_and_adctop.gen/sources_1/ip/clk_wiz_dyn/axi_lite_ipif_v1_01_a/hdl/src/vhdl/clk_wiz_dyn_axi_lite_ipif.vhd:257]
	Parameter C_S_AXI_DATA_WIDTH bound to: 32 - type: integer 
	Parameter C_S_AXI_ADDR_WIDTH bound to: 11 - type: integer 
	Parameter C_S_AXI_MIN_SIZE bound to: 32'b00000000000000000000011111111111 
	Parameter C_USE_WSTRB bound to: 1 - type: integer 
	Parameter C_DPHASE_TIMEOUT bound to: 64 - type: integer 
	Parameter C_ARD_ADDR_RANGE_ARRAY bound to: 256'b0000000000000000000000000000000000000000000000000000000000000000000000000000000000000000000000000000000000000000000000000001111100000000000000000000000000000000000000000000000000000010000000000000000000000000000000000000000000000000000000000000011111111111 
	Parameter C_ARD_NUM_CE_ARRAY bound to: 64'b0000000000000000000000000000100000000000000000000000000000000001 
	Parameter C_FAMILY bound to: virtex7 - type: string 
INFO: [Synth 8-638] synthesizing module 'clk_wiz_dyn_slave_attachment' [/home/frankie/WCIS/FLASH-ADC-CHARACTERIZATION/vivado projects/adc_control_schanchain_and_adctop/adc_control_schanchain_and_adctop.gen/sources_1/ip/clk_wiz_dyn/axi_lite_ipif_v1_01_a/hdl/src/vhdl/clk_wiz_dyn_slave_attachment.vhd:249]
	Parameter C_ARD_ADDR_RANGE_ARRAY bound to: 256'b0000000000000000000000000000000000000000000000000000000000000000000000000000000000000000000000000000000000000000000000000001111100000000000000000000000000000000000000000000000000000010000000000000000000000000000000000000000000000000000000000000011111111111 
	Parameter C_ARD_NUM_CE_ARRAY bound to: 64'b0000000000000000000000000000100000000000000000000000000000000001 
	Parameter C_IPIF_ABUS_WIDTH bound to: 11 - type: integer 
	Parameter C_IPIF_DBUS_WIDTH bound to: 32 - type: integer 
	Parameter C_S_AXI_MIN_SIZE bound to: 32'b00000000000000000000011111111111 
	Parameter C_USE_WSTRB bound to: 1 - type: integer 
	Parameter C_DPHASE_TIMEOUT bound to: 64 - type: integer 
	Parameter C_FAMILY bound to: virtex7 - type: string 
INFO: [Synth 8-638] synthesizing module 'clk_wiz_dyn_address_decoder' [/home/frankie/WCIS/FLASH-ADC-CHARACTERIZATION/vivado projects/adc_control_schanchain_and_adctop/adc_control_schanchain_and_adctop.gen/sources_1/ip/clk_wiz_dyn/axi_lite_ipif_v1_01_a/hdl/src/vhdl/clk_wiz_dyn_address_decoder.vhd:198]
	Parameter C_BUS_AWIDTH bound to: 11 - type: integer 
	Parameter C_S_AXI_MIN_SIZE bound to: 32'b00000000000000000000011111111111 
	Parameter C_ARD_ADDR_RANGE_ARRAY bound to: 256'b0000000000000000000000000000000000000000000000000000000000000000000000000000000000000000000000000000000000000000000000000001111100000000000000000000000000000000000000000000000000000010000000000000000000000000000000000000000000000000000000000000011111111111 
	Parameter C_ARD_NUM_CE_ARRAY bound to: 64'b0000000000000000000000000000100000000000000000000000000000000001 
	Parameter C_FAMILY bound to: nofamily - type: string 
INFO: [Synth 8-638] synthesizing module 'clk_wiz_dyn_pselect_f' [/home/frankie/WCIS/FLASH-ADC-CHARACTERIZATION/vivado projects/adc_control_schanchain_and_adctop/adc_control_schanchain_and_adctop.gen/sources_1/ip/clk_wiz_dyn/proc_common_v3_00_a/hdl/src/vhdl/clk_wiz_dyn_pselect_f.vhd:162]
	Parameter C_AB bound to: 6 - type: integer 
	Parameter C_AW bound to: 11 - type: integer 
	Parameter C_BAR bound to: 11'b00000000000 
	Parameter C_FAMILY bound to: nofamily - type: string 
INFO: [Synth 8-256] done synthesizing module 'clk_wiz_dyn_pselect_f' (0#1) [/home/frankie/WCIS/FLASH-ADC-CHARACTERIZATION/vivado projects/adc_control_schanchain_and_adctop/adc_control_schanchain_and_adctop.gen/sources_1/ip/clk_wiz_dyn/proc_common_v3_00_a/hdl/src/vhdl/clk_wiz_dyn_pselect_f.vhd:162]
INFO: [Synth 8-638] synthesizing module 'clk_wiz_dyn_pselect_f__parameterized0' [/home/frankie/WCIS/FLASH-ADC-CHARACTERIZATION/vivado projects/adc_control_schanchain_and_adctop/adc_control_schanchain_and_adctop.gen/sources_1/ip/clk_wiz_dyn/proc_common_v3_00_a/hdl/src/vhdl/clk_wiz_dyn_pselect_f.vhd:162]
	Parameter C_AB bound to: 3 - type: integer 
	Parameter C_AW bound to: 3 - type: integer 
	Parameter C_BAR bound to: 3'b000 
	Parameter C_FAMILY bound to: nofamily - type: string 
INFO: [Synth 8-256] done synthesizing module 'clk_wiz_dyn_pselect_f__parameterized0' (0#1) [/home/frankie/WCIS/FLASH-ADC-CHARACTERIZATION/vivado projects/adc_control_schanchain_and_adctop/adc_control_schanchain_and_adctop.gen/sources_1/ip/clk_wiz_dyn/proc_common_v3_00_a/hdl/src/vhdl/clk_wiz_dyn_pselect_f.vhd:162]
INFO: [Synth 8-638] synthesizing module 'clk_wiz_dyn_pselect_f__parameterized1' [/home/frankie/WCIS/FLASH-ADC-CHARACTERIZATION/vivado projects/adc_control_schanchain_and_adctop/adc_control_schanchain_and_adctop.gen/sources_1/ip/clk_wiz_dyn/proc_common_v3_00_a/hdl/src/vhdl/clk_wiz_dyn_pselect_f.vhd:162]
	Parameter C_AB bound to: 3 - type: integer 
	Parameter C_AW bound to: 3 - type: integer 
	Parameter C_BAR bound to: 3'b001 
	Parameter C_FAMILY bound to: nofamily - type: string 
INFO: [Synth 8-256] done synthesizing module 'clk_wiz_dyn_pselect_f__parameterized1' (0#1) [/home/frankie/WCIS/FLASH-ADC-CHARACTERIZATION/vivado projects/adc_control_schanchain_and_adctop/adc_control_schanchain_and_adctop.gen/sources_1/ip/clk_wiz_dyn/proc_common_v3_00_a/hdl/src/vhdl/clk_wiz_dyn_pselect_f.vhd:162]
INFO: [Synth 8-638] synthesizing module 'clk_wiz_dyn_pselect_f__parameterized2' [/home/frankie/WCIS/FLASH-ADC-CHARACTERIZATION/vivado projects/adc_control_schanchain_and_adctop/adc_control_schanchain_and_adctop.gen/sources_1/ip/clk_wiz_dyn/proc_common_v3_00_a/hdl/src/vhdl/clk_wiz_dyn_pselect_f.vhd:162]
	Parameter C_AB bound to: 3 - type: integer 
	Parameter C_AW bound to: 3 - type: integer 
	Parameter C_BAR bound to: 3'b010 
	Parameter C_FAMILY bound to: nofamily - type: string 
INFO: [Synth 8-256] done synthesizing module 'clk_wiz_dyn_pselect_f__parameterized2' (0#1) [/home/frankie/WCIS/FLASH-ADC-CHARACTERIZATION/vivado projects/adc_control_schanchain_and_adctop/adc_control_schanchain_and_adctop.gen/sources_1/ip/clk_wiz_dyn/proc_common_v3_00_a/hdl/src/vhdl/clk_wiz_dyn_pselect_f.vhd:162]
INFO: [Synth 8-638] synthesizing module 'clk_wiz_dyn_pselect_f__parameterized3' [/home/frankie/WCIS/FLASH-ADC-CHARACTERIZATION/vivado projects/adc_control_schanchain_and_adctop/adc_control_schanchain_and_adctop.gen/sources_1/ip/clk_wiz_dyn/proc_common_v3_00_a/hdl/src/vhdl/clk_wiz_dyn_pselect_f.vhd:162]
	Parameter C_AB bound to: 3 - type: integer 
	Parameter C_AW bound to: 3 - type: integer 
	Parameter C_BAR bound to: 3'b011 
	Parameter C_FAMILY bound to: nofamily - type: string 
INFO: [Synth 8-256] done synthesizing module 'clk_wiz_dyn_pselect_f__parameterized3' (0#1) [/home/frankie/WCIS/FLASH-ADC-CHARACTERIZATION/vivado projects/adc_control_schanchain_and_adctop/adc_control_schanchain_and_adctop.gen/sources_1/ip/clk_wiz_dyn/proc_common_v3_00_a/hdl/src/vhdl/clk_wiz_dyn_pselect_f.vhd:162]
INFO: [Synth 8-638] synthesizing module 'clk_wiz_dyn_pselect_f__parameterized4' [/home/frankie/WCIS/FLASH-ADC-CHARACTERIZATION/vivado projects/adc_control_schanchain_and_adctop/adc_control_schanchain_and_adctop.gen/sources_1/ip/clk_wiz_dyn/proc_common_v3_00_a/hdl/src/vhdl/clk_wiz_dyn_pselect_f.vhd:162]
	Parameter C_AB bound to: 3 - type: integer 
	Parameter C_AW bound to: 3 - type: integer 
	Parameter C_BAR bound to: 3'b100 
	Parameter C_FAMILY bound to: nofamily - type: string 
INFO: [Synth 8-256] done synthesizing module 'clk_wiz_dyn_pselect_f__parameterized4' (0#1) [/home/frankie/WCIS/FLASH-ADC-CHARACTERIZATION/vivado projects/adc_control_schanchain_and_adctop/adc_control_schanchain_and_adctop.gen/sources_1/ip/clk_wiz_dyn/proc_common_v3_00_a/hdl/src/vhdl/clk_wiz_dyn_pselect_f.vhd:162]
INFO: [Synth 8-638] synthesizing module 'clk_wiz_dyn_pselect_f__parameterized5' [/home/frankie/WCIS/FLASH-ADC-CHARACTERIZATION/vivado projects/adc_control_schanchain_and_adctop/adc_control_schanchain_and_adctop.gen/sources_1/ip/clk_wiz_dyn/proc_common_v3_00_a/hdl/src/vhdl/clk_wiz_dyn_pselect_f.vhd:162]
	Parameter C_AB bound to: 3 - type: integer 
	Parameter C_AW bound to: 3 - type: integer 
	Parameter C_BAR bound to: 3'b101 
	Parameter C_FAMILY bound to: nofamily - type: string 
INFO: [Synth 8-256] done synthesizing module 'clk_wiz_dyn_pselect_f__parameterized5' (0#1) [/home/frankie/WCIS/FLASH-ADC-CHARACTERIZATION/vivado projects/adc_control_schanchain_and_adctop/adc_control_schanchain_and_adctop.gen/sources_1/ip/clk_wiz_dyn/proc_common_v3_00_a/hdl/src/vhdl/clk_wiz_dyn_pselect_f.vhd:162]
INFO: [Synth 8-638] synthesizing module 'clk_wiz_dyn_pselect_f__parameterized6' [/home/frankie/WCIS/FLASH-ADC-CHARACTERIZATION/vivado projects/adc_control_schanchain_and_adctop/adc_control_schanchain_and_adctop.gen/sources_1/ip/clk_wiz_dyn/proc_common_v3_00_a/hdl/src/vhdl/clk_wiz_dyn_pselect_f.vhd:162]
	Parameter C_AB bound to: 3 - type: integer 
	Parameter C_AW bound to: 3 - type: integer 
	Parameter C_BAR bound to: 3'b110 
	Parameter C_FAMILY bound to: nofamily - type: string 
INFO: [Synth 8-256] done synthesizing module 'clk_wiz_dyn_pselect_f__parameterized6' (0#1) [/home/frankie/WCIS/FLASH-ADC-CHARACTERIZATION/vivado projects/adc_control_schanchain_and_adctop/adc_control_schanchain_and_adctop.gen/sources_1/ip/clk_wiz_dyn/proc_common_v3_00_a/hdl/src/vhdl/clk_wiz_dyn_pselect_f.vhd:162]
INFO: [Synth 8-638] synthesizing module 'clk_wiz_dyn_pselect_f__parameterized7' [/home/frankie/WCIS/FLASH-ADC-CHARACTERIZATION/vivado projects/adc_control_schanchain_and_adctop/adc_control_schanchain_and_adctop.gen/sources_1/ip/clk_wiz_dyn/proc_common_v3_00_a/hdl/src/vhdl/clk_wiz_dyn_pselect_f.vhd:162]
	Parameter C_AB bound to: 3 - type: integer 
	Parameter C_AW bound to: 3 - type: integer 
	Parameter C_BAR bound to: 3'b111 
	Parameter C_FAMILY bound to: nofamily - type: string 
INFO: [Synth 8-256] done synthesizing module 'clk_wiz_dyn_pselect_f__parameterized7' (0#1) [/home/frankie/WCIS/FLASH-ADC-CHARACTERIZATION/vivado projects/adc_control_schanchain_and_adctop/adc_control_schanchain_and_adctop.gen/sources_1/ip/clk_wiz_dyn/proc_common_v3_00_a/hdl/src/vhdl/clk_wiz_dyn_pselect_f.vhd:162]
INFO: [Synth 8-638] synthesizing module 'clk_wiz_dyn_pselect_f__parameterized8' [/home/frankie/WCIS/FLASH-ADC-CHARACTERIZATION/vivado projects/adc_control_schanchain_and_adctop/adc_control_schanchain_and_adctop.gen/sources_1/ip/clk_wiz_dyn/proc_common_v3_00_a/hdl/src/vhdl/clk_wiz_dyn_pselect_f.vhd:162]
	Parameter C_AB bound to: 0 - type: integer 
	Parameter C_AW bound to: 11 - type: integer 
	Parameter C_BAR bound to: 11'b01000000000 
	Parameter C_FAMILY bound to: nofamily - type: string 
INFO: [Synth 8-256] done synthesizing module 'clk_wiz_dyn_pselect_f__parameterized8' (0#1) [/home/frankie/WCIS/FLASH-ADC-CHARACTERIZATION/vivado projects/adc_control_schanchain_and_adctop/adc_control_schanchain_and_adctop.gen/sources_1/ip/clk_wiz_dyn/proc_common_v3_00_a/hdl/src/vhdl/clk_wiz_dyn_pselect_f.vhd:162]
INFO: [Synth 8-256] done synthesizing module 'clk_wiz_dyn_address_decoder' (0#1) [/home/frankie/WCIS/FLASH-ADC-CHARACTERIZATION/vivado projects/adc_control_schanchain_and_adctop/adc_control_schanchain_and_adctop.gen/sources_1/ip/clk_wiz_dyn/axi_lite_ipif_v1_01_a/hdl/src/vhdl/clk_wiz_dyn_address_decoder.vhd:198]
INFO: [Synth 8-226] default block is never used [/home/frankie/WCIS/FLASH-ADC-CHARACTERIZATION/vivado projects/adc_control_schanchain_and_adctop/adc_control_schanchain_and_adctop.gen/sources_1/ip/clk_wiz_dyn/axi_lite_ipif_v1_01_a/hdl/src/vhdl/clk_wiz_dyn_slave_attachment.vhd:451]
INFO: [Synth 8-256] done synthesizing module 'clk_wiz_dyn_slave_attachment' (0#1) [/home/frankie/WCIS/FLASH-ADC-CHARACTERIZATION/vivado projects/adc_control_schanchain_and_adctop/adc_control_schanchain_and_adctop.gen/sources_1/ip/clk_wiz_dyn/axi_lite_ipif_v1_01_a/hdl/src/vhdl/clk_wiz_dyn_slave_attachment.vhd:249]
INFO: [Synth 8-256] done synthesizing module 'clk_wiz_dyn_axi_lite_ipif' (0#1) [/home/frankie/WCIS/FLASH-ADC-CHARACTERIZATION/vivado projects/adc_control_schanchain_and_adctop/adc_control_schanchain_and_adctop.gen/sources_1/ip/clk_wiz_dyn/axi_lite_ipif_v1_01_a/hdl/src/vhdl/clk_wiz_dyn_axi_lite_ipif.vhd:257]
	Parameter C_S_AXI_ADDR_WIDTH bound to: 11 - type: integer 
	Parameter C_S_AXI_DATA_WIDTH bound to: 32 - type: integer 
	Parameter C_FAMILY bound to: virtex7 - type: string 
	Parameter CE_NUMBERS bound to: 9 - type: integer 
INFO: [Synth 8-3491] module 'clk_wiz_dyn_clk_wiz_drp' declared at '/home/frankie/WCIS/FLASH-ADC-CHARACTERIZATION/vivado projects/adc_control_schanchain_and_adctop/adc_control_schanchain_and_adctop.gen/sources_1/ip/clk_wiz_dyn/clk_wiz_dyn_clk_wiz_drp.vhd:129' bound to instance 'CLK_CORE_DRP_I' of component 'clk_wiz_dyn_clk_wiz_drp' [/home/frankie/WCIS/FLASH-ADC-CHARACTERIZATION/vivado projects/adc_control_schanchain_and_adctop/adc_control_schanchain_and_adctop.gen/sources_1/ip/clk_wiz_dyn/clk_wiz_dyn_axi_clk_config.vhd:453]
INFO: [Synth 8-638] synthesizing module 'clk_wiz_dyn_clk_wiz_drp' [/home/frankie/WCIS/FLASH-ADC-CHARACTERIZATION/vivado projects/adc_control_schanchain_and_adctop/adc_control_schanchain_and_adctop.gen/sources_1/ip/clk_wiz_dyn/clk_wiz_dyn_clk_wiz_drp.vhd:167]
	Parameter C_S_AXI_ADDR_WIDTH bound to: 11 - type: integer 
	Parameter C_S_AXI_DATA_WIDTH bound to: 32 - type: integer 
	Parameter C_FAMILY bound to: virtex7 - type: string 
	Parameter CE_NUMBERS bound to: 9 - type: integer 
INFO: [Synth 8-3491] module 'clk_wiz_dyn_clk_wiz' declared at '/home/frankie/WCIS/FLASH-ADC-CHARACTERIZATION/vivado projects/adc_control_schanchain_and_adctop/adc_control_schanchain_and_adctop.gen/sources_1/ip/clk_wiz_dyn/clk_wiz_dyn_clk_wiz.v:65' bound to instance 'clk_inst' of component 'clk_wiz_dyn_clk_wiz' [/home/frankie/WCIS/FLASH-ADC-CHARACTERIZATION/vivado projects/adc_control_schanchain_and_adctop/adc_control_schanchain_and_adctop.gen/sources_1/ip/clk_wiz_dyn/clk_wiz_dyn_clk_wiz_drp.vhd:567]
INFO: [Synth 8-6157] synthesizing module 'clk_wiz_dyn_clk_wiz' [/home/frankie/WCIS/FLASH-ADC-CHARACTERIZATION/vivado projects/adc_control_schanchain_and_adctop/adc_control_schanchain_and_adctop.gen/sources_1/ip/clk_wiz_dyn/clk_wiz_dyn_clk_wiz.v:65]
INFO: [Synth 8-6157] synthesizing module 'IBUF' [/home/frankie/Xilinix/2025.2/Vivado/scripts/rt/data/unisim_comp.v:82804]
INFO: [Synth 8-6155] done synthesizing module 'IBUF' (0#1) [/home/frankie/Xilinix/2025.2/Vivado/scripts/rt/data/unisim_comp.v:82804]
INFO: [Synth 8-6157] synthesizing module 'MMCME2_ADV' [/home/frankie/Xilinix/2025.2/Vivado/scripts/rt/data/unisim_comp.v:95844]
	Parameter BANDWIDTH bound to: OPTIMIZED - type: string 
	Parameter CLKFBOUT_MULT_F bound to: 1.000000e+01 - type: double 
	Parameter CLKFBOUT_PHASE bound to: 0.000000e+00 - type: double 
	Parameter CLKFBOUT_USE_FINE_PS bound to: FALSE - type: string 
	Parameter CLKIN1_PERIOD bound to: 1.000000e+01 - type: double 
	Parameter CLKOUT0_DIVIDE_F bound to: 6.250000e+00 - type: double 
	Parameter CLKOUT0_DUTY_CYCLE bound to: 5.000000e-01 - type: double 
	Parameter CLKOUT0_PHASE bound to: 0.000000e+00 - type: double 
	Parameter CLKOUT0_USE_FINE_PS bound to: FALSE - type: string 
	Parameter CLKOUT4_CASCADE bound to: FALSE - type: string 
	Parameter COMPENSATION bound to: ZHOLD - type: string 
	Parameter DIVCLK_DIVIDE bound to: 1 - type: integer 
	Parameter STARTUP_WAIT bound to: FALSE - type: string 
INFO: [Synth 8-6155] done synthesizing module 'MMCME2_ADV' (0#1) [/home/frankie/Xilinix/2025.2/Vivado/scripts/rt/data/unisim_comp.v:95844]
INFO: [Synth 8-6157] synthesizing module 'BUFG' [/home/frankie/Xilinix/2025.2/Vivado/scripts/rt/data/unisim_comp.v:2678]
INFO: [Synth 8-6155] done synthesizing module 'BUFG' (0#1) [/home/frankie/Xilinix/2025.2/Vivado/scripts/rt/data/unisim_comp.v:2678]
INFO: [Synth 8-6155] done synthesizing module 'clk_wiz_dyn_clk_wiz' (0#1) [/home/frankie/WCIS/FLASH-ADC-CHARACTERIZATION/vivado projects/adc_control_schanchain_and_adctop/adc_control_schanchain_and_adctop.gen/sources_1/ip/clk_wiz_dyn/clk_wiz_dyn_clk_wiz.v:65]
	Parameter S1_CLKFBOUT_MULT bound to: 10 - type: integer 
	Parameter S1_CLKFBOUT_PHASE bound to: 0 - type: integer 
	Parameter S1_CLKFBOUT_FRAC bound to: 0 - type: integer 
	Parameter S1_CLKFBOUT_FRAC_EN bound to: 0 - type: integer 
	Parameter S1_BANDWIDTH bound to: OPTIMIZED - type: string 
	Parameter S1_DIVCLK_DIVIDE bound to: 1 - type: integer 
	Parameter S1_CLKOUT0_DIVIDE bound to: 6 - type: integer 
	Parameter S1_CLKOUT0_PHASE bound to: 0 - type: integer 
	Parameter S1_CLKOUT0_DUTY bound to: 50000 - type: integer 
	Parameter S1_CLKOUT0_FRAC bound to: 1274 - type: integer 
	Parameter S1_CLKOUT0_FRAC_EN bound to: 1 - type: integer 
	Parameter S1_CLKOUT1_DIVIDE bound to: 1 - type: integer 
	Parameter S1_CLKOUT1_PHASE bound to: 0 - type: integer 
	Parameter S1_CLKOUT1_DUTY bound to: 50000 - type: integer 
	Parameter S1_CLKOUT2_DIVIDE bound to: 1 - type: integer 
	Parameter S1_CLKOUT2_PHASE bound to: 0 - type: integer 
	Parameter S1_CLKOUT2_DUTY bound to: 50000 - type: integer 
	Parameter S1_CLKOUT3_DIVIDE bound to: 1 - type: integer 
	Parameter S1_CLKOUT3_PHASE bound to: 0 - type: integer 
	Parameter S1_CLKOUT3_DUTY bound to: 50000 - type: integer 
	Parameter S1_CLKOUT4_DIVIDE bound to: 1 - type: integer 
	Parameter S1_CLKOUT4_PHASE bound to: 0 - type: integer 
	Parameter S1_CLKOUT4_DUTY bound to: 50000 - type: integer 
	Parameter S1_CLKOUT5_DIVIDE bound to: 1 - type: integer 
	Parameter S1_CLKOUT5_PHASE bound to: 0 - type: integer 
	Parameter S1_CLKOUT5_DUTY bound to: 50000 - type: integer 
	Parameter S1_CLKOUT6_DIVIDE bound to: 1 - type: integer 
	Parameter S1_CLKOUT6_PHASE bound to: 0 - type: integer 
	Parameter S1_CLKOUT6_DUTY bound to: 50000 - type: integer 
INFO: [Synth 8-3491] module 'clk_wiz_dyn_mmcm_drp' declared at '/home/frankie/WCIS/FLASH-ADC-CHARACTERIZATION/vivado projects/adc_control_schanchain_and_adctop/adc_control_schanchain_and_adctop.gen/sources_1/ip/clk_wiz_dyn/clk_wiz_dyn_mmcm_pll_drp.v:70' bound to instance 'mmcm_drp_inst' of component 'clk_wiz_dyn_mmcm_drp' [/home/frankie/WCIS/FLASH-ADC-CHARACTERIZATION/vivado projects/adc_control_schanchain_and_adctop/adc_control_schanchain_and_adctop.gen/sources_1/ip/clk_wiz_dyn/clk_wiz_dyn_clk_wiz_drp.vhd:585]
INFO: [Synth 8-6157] synthesizing module 'clk_wiz_dyn_mmcm_drp' [/home/frankie/WCIS/FLASH-ADC-CHARACTERIZATION/vivado projects/adc_control_schanchain_and_adctop/adc_control_schanchain_and_adctop.gen/sources_1/ip/clk_wiz_dyn/clk_wiz_dyn_mmcm_pll_drp.v:70]
	Parameter S1_CLKFBOUT_MULT bound to: 10 - type: integer 
	Parameter S1_CLKFBOUT_PHASE bound to: 0 - type: integer 
	Parameter S1_CLKFBOUT_FRAC bound to: 0 - type: integer 
	Parameter S1_CLKFBOUT_FRAC_EN bound to: 0 - type: integer 
	Parameter S1_BANDWIDTH bound to: OPTIMIZED - type: string 
	Parameter S1_DIVCLK_DIVIDE bound to: 1 - type: integer 
	Parameter S1_CLKOUT0_DIVIDE bound to: 6 - type: integer 
	Parameter S1_CLKOUT0_PHASE bound to: 0 - type: integer 
	Parameter S1_CLKOUT0_DUTY bound to: 50000 - type: integer 
	Parameter S1_CLKOUT0_FRAC bound to: 1274 - type: integer 
	Parameter S1_CLKOUT0_FRAC_EN bound to: 1 - type: integer 
	Parameter S1_CLKOUT1_DIVIDE bound to: 1 - type: integer 
	Parameter S1_CLKOUT1_PHASE bound to: 0 - type: integer 
	Parameter S1_CLKOUT1_DUTY bound to: 50000 - type: integer 
	Parameter S1_CLKOUT2_DIVIDE bound to: 1 - type: integer 
	Parameter S1_CLKOUT2_PHASE bound to: 0 - type: integer 
	Parameter S1_CLKOUT2_DUTY bound to: 50000 - type: integer 
	Parameter S1_CLKOUT3_DIVIDE bound to: 1 - type: integer 
	Parameter S1_CLKOUT3_PHASE bound to: 0 - type: integer 
	Parameter S1_CLKOUT3_DUTY bound to: 50000 - type: integer 
	Parameter S1_CLKOUT4_DIVIDE bound to: 1 - type: integer 
	Parameter S1_CLKOUT4_PHASE bound to: 0 - type: integer 
	Parameter S1_CLKOUT4_DUTY bound to: 50000 - type: integer 
	Parameter S1_CLKOUT5_DIVIDE bound to: 1 - type: integer 
	Parameter S1_CLKOUT5_PHASE bound to: 0 - type: integer 
	Parameter S1_CLKOUT5_DUTY bound to: 50000 - type: integer 
	Parameter S1_CLKOUT6_DIVIDE bound to: 1 - type: integer 
	Parameter S1_CLKOUT6_PHASE bound to: 0 - type: integer 
	Parameter S1_CLKOUT6_DUTY bound to: 50000 - type: integer 
WARNING: [Synth 8-7186] Applying attribute ram_style = "distributed" is ignored, object 'ram[63]' is not inferred as ram due to incorrect usage [/home/frankie/WCIS/FLASH-ADC-CHARACTERIZATION/vivado projects/adc_control_schanchain_and_adctop/adc_control_schanchain_and_adctop.gen/sources_1/ip/clk_wiz_dyn/clk_wiz_dyn_mmcm_pll_drp.v:246]
WARNING: [Synth 8-7186] Applying attribute ram_style = "distributed" is ignored, object 'ram[62]' is not inferred as ram due to incorrect usage [/home/frankie/WCIS/FLASH-ADC-CHARACTERIZATION/vivado projects/adc_control_schanchain_and_adctop/adc_control_schanchain_and_adctop.gen/sources_1/ip/clk_wiz_dyn/clk_wiz_dyn_mmcm_pll_drp.v:246]
WARNING: [Synth 8-7186] Applying attribute ram_style = "distributed" is ignored, object 'ram[61]' is not inferred as ram due to incorrect usage [/home/frankie/WCIS/FLASH-ADC-CHARACTERIZATION/vivado projects/adc_control_schanchain_and_adctop/adc_control_schanchain_and_adctop.gen/sources_1/ip/clk_wiz_dyn/clk_wiz_dyn_mmcm_pll_drp.v:246]
WARNING: [Synth 8-7186] Applying attribute ram_style = "distributed" is ignored, object 'ram[60]' is not inferred as ram due to incorrect usage [/home/frankie/WCIS/FLASH-ADC-CHARACTERIZATION/vivado projects/adc_control_schanchain_and_adctop/adc_control_schanchain_and_adctop.gen/sources_1/ip/clk_wiz_dyn/clk_wiz_dyn_mmcm_pll_drp.v:246]
WARNING: [Synth 8-7186] Applying attribute ram_style = "distributed" is ignored, object 'ram[59]' is not inferred as ram due to incorrect usage [/home/frankie/WCIS/FLASH-ADC-CHARACTERIZATION/vivado projects/adc_control_schanchain_and_adctop/adc_control_schanchain_and_adctop.gen/sources_1/ip/clk_wiz_dyn/clk_wiz_dyn_mmcm_pll_drp.v:246]
WARNING: [Synth 8-7186] Applying attribute ram_style = "distributed" is ignored, object 'ram[58]' is not inferred as ram due to incorrect usage [/home/frankie/WCIS/FLASH-ADC-CHARACTERIZATION/vivado projects/adc_control_schanchain_and_adctop/adc_control_schanchain_and_adctop.gen/sources_1/ip/clk_wiz_dyn/clk_wiz_dyn_mmcm_pll_drp.v:246]
WARNING: [Synth 8-7186] Applying attribute ram_style = "distributed" is ignored, object 'ram[57]' is not inferred as ram due to incorrect usage [/home/frankie/WCIS/FLASH-ADC-CHARACTERIZATION/vivado projects/adc_control_schanchain_and_adctop/adc_control_schanchain_and_adctop.gen/sources_1/ip/clk_wiz_dyn/clk_wiz_dyn_mmcm_pll_drp.v:246]
WARNING: [Synth 8-7186] Applying attribute ram_style = "distributed" is ignored, object 'ram[56]' is not inferred as ram due to incorrect usage [/home/frankie/WCIS/FLASH-ADC-CHARACTERIZATION/vivado projects/adc_control_schanchain_and_adctop/adc_control_schanchain_and_adctop.gen/sources_1/ip/clk_wiz_dyn/clk_wiz_dyn_mmcm_pll_drp.v:246]
WARNING: [Synth 8-7186] Applying attribute ram_style = "distributed" is ignored, object 'ram[55]' is not inferred as ram due to incorrect usage [/home/frankie/WCIS/FLASH-ADC-CHARACTERIZATION/vivado projects/adc_control_schanchain_and_adctop/adc_control_schanchain_and_adctop.gen/sources_1/ip/clk_wiz_dyn/clk_wiz_dyn_mmcm_pll_drp.v:246]
WARNING: [Synth 8-7186] Applying attribute ram_style = "distributed" is ignored, object 'ram[54]' is not inferred as ram due to incorrect usage [/home/frankie/WCIS/FLASH-ADC-CHARACTERIZATION/vivado projects/adc_control_schanchain_and_adctop/adc_control_schanchain_and_adctop.gen/sources_1/ip/clk_wiz_dyn/clk_wiz_dyn_mmcm_pll_drp.v:246]
WARNING: [Synth 8-7186] Applying attribute ram_style = "distributed" is ignored, object 'ram[53]' is not inferred as ram due to incorrect usage [/home/frankie/WCIS/FLASH-ADC-CHARACTERIZATION/vivado projects/adc_control_schanchain_and_adctop/adc_control_schanchain_and_adctop.gen/sources_1/ip/clk_wiz_dyn/clk_wiz_dyn_mmcm_pll_drp.v:246]
WARNING: [Synth 8-7186] Applying attribute ram_style = "distributed" is ignored, object 'ram[52]' is not inferred as ram due to incorrect usage [/home/frankie/WCIS/FLASH-ADC-CHARACTERIZATION/vivado projects/adc_control_schanchain_and_adctop/adc_control_schanchain_and_adctop.gen/sources_1/ip/clk_wiz_dyn/clk_wiz_dyn_mmcm_pll_drp.v:246]
WARNING: [Synth 8-7186] Applying attribute ram_style = "distributed" is ignored, object 'ram[51]' is not inferred as ram due to incorrect usage [/home/frankie/WCIS/FLASH-ADC-CHARACTERIZATION/vivado projects/adc_control_schanchain_and_adctop/adc_control_schanchain_and_adctop.gen/sources_1/ip/clk_wiz_dyn/clk_wiz_dyn_mmcm_pll_drp.v:246]
WARNING: [Synth 8-7186] Applying attribute ram_style = "distributed" is ignored, object 'ram[50]' is not inferred as ram due to incorrect usage [/home/frankie/WCIS/FLASH-ADC-CHARACTERIZATION/vivado projects/adc_control_schanchain_and_adctop/adc_control_schanchain_and_adctop.gen/sources_1/ip/clk_wiz_dyn/clk_wiz_dyn_mmcm_pll_drp.v:246]
WARNING: [Synth 8-7186] Applying attribute ram_style = "distributed" is ignored, object 'ram[49]' is not inferred as ram due to incorrect usage [/home/frankie/WCIS/FLASH-ADC-CHARACTERIZATION/vivado projects/adc_control_schanchain_and_adctop/adc_control_schanchain_and_adctop.gen/sources_1/ip/clk_wiz_dyn/clk_wiz_dyn_mmcm_pll_drp.v:246]
WARNING: [Synth 8-7186] Applying attribute ram_style = "distributed" is ignored, object 'ram[48]' is not inferred as ram due to incorrect usage [/home/frankie/WCIS/FLASH-ADC-CHARACTERIZATION/vivado projects/adc_control_schanchain_and_adctop/adc_control_schanchain_and_adctop.gen/sources_1/ip/clk_wiz_dyn/clk_wiz_dyn_mmcm_pll_drp.v:246]
WARNING: [Synth 8-7186] Applying attribute ram_style = "distributed" is ignored, object 'ram[47]' is not inferred as ram due to incorrect usage [/home/frankie/WCIS/FLASH-ADC-CHARACTERIZATION/vivado projects/adc_control_schanchain_and_adctop/adc_control_schanchain_and_adctop.gen/sources_1/ip/clk_wiz_dyn/clk_wiz_dyn_mmcm_pll_drp.v:246]
WARNING: [Synth 8-7186] Applying attribute ram_style = "distributed" is ignored, object 'ram[46]' is not inferred as ram due to incorrect usage [/home/frankie/WCIS/FLASH-ADC-CHARACTERIZATION/vivado projects/adc_control_schanchain_and_adctop/adc_control_schanchain_and_adctop.gen/sources_1/ip/clk_wiz_dyn/clk_wiz_dyn_mmcm_pll_drp.v:246]
WARNING: [Synth 8-7186] Applying attribute ram_style = "distributed" is ignored, object 'ram[45]' is not inferred as ram due to incorrect usage [/home/frankie/WCIS/FLASH-ADC-CHARACTERIZATION/vivado projects/adc_control_schanchain_and_adctop/adc_control_schanchain_and_adctop.gen/sources_1/ip/clk_wiz_dyn/clk_wiz_dyn_mmcm_pll_drp.v:246]
WARNING: [Synth 8-7186] Applying attribute ram_style = "distributed" is ignored, object 'ram[44]' is not inferred as ram due to incorrect usage [/home/frankie/WCIS/FLASH-ADC-CHARACTERIZATION/vivado projects/adc_control_schanchain_and_adctop/adc_control_schanchain_and_adctop.gen/sources_1/ip/clk_wiz_dyn/clk_wiz_dyn_mmcm_pll_drp.v:246]
WARNING: [Synth 8-7186] Applying attribute ram_style = "distributed" is ignored, object 'ram[43]' is not inferred as ram due to incorrect usage [/home/frankie/WCIS/FLASH-ADC-CHARACTERIZATION/vivado projects/adc_control_schanchain_and_adctop/adc_control_schanchain_and_adctop.gen/sources_1/ip/clk_wiz_dyn/clk_wiz_dyn_mmcm_pll_drp.v:246]
WARNING: [Synth 8-7186] Applying attribute ram_style = "distributed" is ignored, object 'ram[42]' is not inferred as ram due to incorrect usage [/home/frankie/WCIS/FLASH-ADC-CHARACTERIZATION/vivado projects/adc_control_schanchain_and_adctop/adc_control_schanchain_and_adctop.gen/sources_1/ip/clk_wiz_dyn/clk_wiz_dyn_mmcm_pll_drp.v:246]
WARNING: [Synth 8-7186] Applying attribute ram_style = "distributed" is ignored, object 'ram[41]' is not inferred as ram due to incorrect usage [/home/frankie/WCIS/FLASH-ADC-CHARACTERIZATION/vivado projects/adc_control_schanchain_and_adctop/adc_control_schanchain_and_adctop.gen/sources_1/ip/clk_wiz_dyn/clk_wiz_dyn_mmcm_pll_drp.v:246]
WARNING: [Synth 8-7186] Applying attribute ram_style = "distributed" is ignored, object 'ram[40]' is not inferred as ram due to incorrect usage [/home/frankie/WCIS/FLASH-ADC-CHARACTERIZATION/vivado projects/adc_control_schanchain_and_adctop/adc_control_schanchain_and_adctop.gen/sources_1/ip/clk_wiz_dyn/clk_wiz_dyn_mmcm_pll_drp.v:246]
WARNING: [Synth 8-7186] Applying attribute ram_style = "distributed" is ignored, object 'ram[39]' is not inferred as ram due to incorrect usage [/home/frankie/WCIS/FLASH-ADC-CHARACTERIZATION/vivado projects/adc_control_schanchain_and_adctop/adc_control_schanchain_and_adctop.gen/sources_1/ip/clk_wiz_dyn/clk_wiz_dyn_mmcm_pll_drp.v:246]
WARNING: [Synth 8-7186] Applying attribute ram_style = "distributed" is ignored, object 'ram[38]' is not inferred as ram due to incorrect usage [/home/frankie/WCIS/FLASH-ADC-CHARACTERIZATION/vivado projects/adc_control_schanchain_and_adctop/adc_control_schanchain_and_adctop.gen/sources_1/ip/clk_wiz_dyn/clk_wiz_dyn_mmcm_pll_drp.v:246]
WARNING: [Synth 8-7186] Applying attribute ram_style = "distributed" is ignored, object 'ram[37]' is not inferred as ram due to incorrect usage [/home/frankie/WCIS/FLASH-ADC-CHARACTERIZATION/vivado projects/adc_control_schanchain_and_adctop/adc_control_schanchain_and_adctop.gen/sources_1/ip/clk_wiz_dyn/clk_wiz_dyn_mmcm_pll_drp.v:246]
WARNING: [Synth 8-7186] Applying attribute ram_style = "distributed" is ignored, object 'ram[36]' is not inferred as ram due to incorrect usage [/home/frankie/WCIS/FLASH-ADC-CHARACTERIZATION/vivado projects/adc_control_schanchain_and_adctop/adc_control_schanchain_and_adctop.gen/sources_1/ip/clk_wiz_dyn/clk_wiz_dyn_mmcm_pll_drp.v:246]
WARNING: [Synth 8-7186] Applying attribute ram_style = "distributed" is ignored, object 'ram[35]' is not inferred as ram due to incorrect usage [/home/frankie/WCIS/FLASH-ADC-CHARACTERIZATION/vivado projects/adc_control_schanchain_and_adctop/adc_control_schanchain_and_adctop.gen/sources_1/ip/clk_wiz_dyn/clk_wiz_dyn_mmcm_pll_drp.v:246]
WARNING: [Synth 8-7186] Applying attribute ram_style = "distributed" is ignored, object 'ram[34]' is not inferred as ram due to incorrect usage [/home/frankie/WCIS/FLASH-ADC-CHARACTERIZATION/vivado projects/adc_control_schanchain_and_adctop/adc_control_schanchain_and_adctop.gen/sources_1/ip/clk_wiz_dyn/clk_wiz_dyn_mmcm_pll_drp.v:246]
WARNING: [Synth 8-7186] Applying attribute ram_style = "distributed" is ignored, object 'ram[33]' is not inferred as ram due to incorrect usage [/home/frankie/WCIS/FLASH-ADC-CHARACTERIZATION/vivado projects/adc_control_schanchain_and_adctop/adc_control_schanchain_and_adctop.gen/sources_1/ip/clk_wiz_dyn/clk_wiz_dyn_mmcm_pll_drp.v:246]
WARNING: [Synth 8-7186] Applying attribute ram_style = "distributed" is ignored, object 'ram[32]' is not inferred as ram due to incorrect usage [/home/frankie/WCIS/FLASH-ADC-CHARACTERIZATION/vivado projects/adc_control_schanchain_and_adctop/adc_control_schanchain_and_adctop.gen/sources_1/ip/clk_wiz_dyn/clk_wiz_dyn_mmcm_pll_drp.v:246]
WARNING: [Synth 8-7186] Applying attribute ram_style = "distributed" is ignored, object 'ram[31]' is not inferred as ram due to incorrect usage [/home/frankie/WCIS/FLASH-ADC-CHARACTERIZATION/vivado projects/adc_control_schanchain_and_adctop/adc_control_schanchain_and_adctop.gen/sources_1/ip/clk_wiz_dyn/clk_wiz_dyn_mmcm_pll_drp.v:246]
WARNING: [Synth 8-7186] Applying attribute ram_style = "distributed" is ignored, object 'ram[30]' is not inferred as ram due to incorrect usage [/home/frankie/WCIS/FLASH-ADC-CHARACTERIZATION/vivado projects/adc_control_schanchain_and_adctop/adc_control_schanchain_and_adctop.gen/sources_1/ip/clk_wiz_dyn/clk_wiz_dyn_mmcm_pll_drp.v:246]
WARNING: [Synth 8-7186] Applying attribute ram_style = "distributed" is ignored, object 'ram[29]' is not inferred as ram due to incorrect usage [/home/frankie/WCIS/FLASH-ADC-CHARACTERIZATION/vivado projects/adc_control_schanchain_and_adctop/adc_control_schanchain_and_adctop.gen/sources_1/ip/clk_wiz_dyn/clk_wiz_dyn_mmcm_pll_drp.v:246]
WARNING: [Synth 8-7186] Applying attribute ram_style = "distributed" is ignored, object 'ram[28]' is not inferred as ram due to incorrect usage [/home/frankie/WCIS/FLASH-ADC-CHARACTERIZATION/vivado projects/adc_control_schanchain_and_adctop/adc_control_schanchain_and_adctop.gen/sources_1/ip/clk_wiz_dyn/clk_wiz_dyn_mmcm_pll_drp.v:246]
WARNING: [Synth 8-7186] Applying attribute ram_style = "distributed" is ignored, object 'ram[27]' is not inferred as ram due to incorrect usage [/home/frankie/WCIS/FLASH-ADC-CHARACTERIZATION/vivado projects/adc_control_schanchain_and_adctop/adc_control_schanchain_and_adctop.gen/sources_1/ip/clk_wiz_dyn/clk_wiz_dyn_mmcm_pll_drp.v:246]
WARNING: [Synth 8-7186] Applying attribute ram_style = "distributed" is ignored, object 'ram[26]' is not inferred as ram due to incorrect usage [/home/frankie/WCIS/FLASH-ADC-CHARACTERIZATION/vivado projects/adc_control_schanchain_and_adctop/adc_control_schanchain_and_adctop.gen/sources_1/ip/clk_wiz_dyn/clk_wiz_dyn_mmcm_pll_drp.v:246]
WARNING: [Synth 8-7186] Applying attribute ram_style = "distributed" is ignored, object 'ram[25]' is not inferred as ram due to incorrect usage [/home/frankie/WCIS/FLASH-ADC-CHARACTERIZATION/vivado projects/adc_control_schanchain_and_adctop/adc_control_schanchain_and_adctop.gen/sources_1/ip/clk_wiz_dyn/clk_wiz_dyn_mmcm_pll_drp.v:246]
WARNING: [Synth 8-7186] Applying attribute ram_style = "distributed" is ignored, object 'ram[24]' is not inferred as ram due to incorrect usage [/home/frankie/WCIS/FLASH-ADC-CHARACTERIZATION/vivado projects/adc_control_schanchain_and_adctop/adc_control_schanchain_and_adctop.gen/sources_1/ip/clk_wiz_dyn/clk_wiz_dyn_mmcm_pll_drp.v:246]
WARNING: [Synth 8-7186] Applying attribute ram_style = "distributed" is ignored, object 'ram[23]' is not inferred as ram due to incorrect usage [/home/frankie/WCIS/FLASH-ADC-CHARACTERIZATION/vivado projects/adc_control_schanchain_and_adctop/adc_control_schanchain_and_adctop.gen/sources_1/ip/clk_wiz_dyn/clk_wiz_dyn_mmcm_pll_drp.v:246]
WARNING: [Synth 8-7186] Applying attribute ram_style = "distributed" is ignored, object 'ram[22]' is not inferred as ram due to incorrect usage [/home/frankie/WCIS/FLASH-ADC-CHARACTERIZATION/vivado projects/adc_control_schanchain_and_adctop/adc_control_schanchain_and_adctop.gen/sources_1/ip/clk_wiz_dyn/clk_wiz_dyn_mmcm_pll_drp.v:246]
WARNING: [Synth 8-7186] Applying attribute ram_style = "distributed" is ignored, object 'ram[21]' is not inferred as ram due to incorrect usage [/home/frankie/WCIS/FLASH-ADC-CHARACTERIZATION/vivado projects/adc_control_schanchain_and_adctop/adc_control_schanchain_and_adctop.gen/sources_1/ip/clk_wiz_dyn/clk_wiz_dyn_mmcm_pll_drp.v:246]
WARNING: [Synth 8-7186] Applying attribute ram_style = "distributed" is ignored, object 'ram[20]' is not inferred as ram due to incorrect usage [/home/frankie/WCIS/FLASH-ADC-CHARACTERIZATION/vivado projects/adc_control_schanchain_and_adctop/adc_control_schanchain_and_adctop.gen/sources_1/ip/clk_wiz_dyn/clk_wiz_dyn_mmcm_pll_drp.v:246]
WARNING: [Synth 8-7186] Applying attribute ram_style = "distributed" is ignored, object 'ram[19]' is not inferred as ram due to incorrect usage [/home/frankie/WCIS/FLASH-ADC-CHARACTERIZATION/vivado projects/adc_control_schanchain_and_adctop/adc_control_schanchain_and_adctop.gen/sources_1/ip/clk_wiz_dyn/clk_wiz_dyn_mmcm_pll_drp.v:246]
WARNING: [Synth 8-7186] Applying attribute ram_style = "distributed" is ignored, object 'ram[18]' is not inferred as ram due to incorrect usage [/home/frankie/WCIS/FLASH-ADC-CHARACTERIZATION/vivado projects/adc_control_schanchain_and_adctop/adc_control_schanchain_and_adctop.gen/sources_1/ip/clk_wiz_dyn/clk_wiz_dyn_mmcm_pll_drp.v:246]
WARNING: [Synth 8-7186] Applying attribute ram_style = "distributed" is ignored, object 'ram[17]' is not inferred as ram due to incorrect usage [/home/frankie/WCIS/FLASH-ADC-CHARACTERIZATION/vivado projects/adc_control_schanchain_and_adctop/adc_control_schanchain_and_adctop.gen/sources_1/ip/clk_wiz_dyn/clk_wiz_dyn_mmcm_pll_drp.v:246]
WARNING: [Synth 8-7186] Applying attribute ram_style = "distributed" is ignored, object 'ram[16]' is not inferred as ram due to incorrect usage [/home/frankie/WCIS/FLASH-ADC-CHARACTERIZATION/vivado projects/adc_control_schanchain_and_adctop/adc_control_schanchain_and_adctop.gen/sources_1/ip/clk_wiz_dyn/clk_wiz_dyn_mmcm_pll_drp.v:246]
WARNING: [Synth 8-7186] Applying attribute ram_style = "distributed" is ignored, object 'ram[15]' is not inferred as ram due to incorrect usage [/home/frankie/WCIS/FLASH-ADC-CHARACTERIZATION/vivado projects/adc_control_schanchain_and_adctop/adc_control_schanchain_and_adctop.gen/sources_1/ip/clk_wiz_dyn/clk_wiz_dyn_mmcm_pll_drp.v:246]
WARNING: [Synth 8-7186] Applying attribute ram_style = "distributed" is ignored, object 'ram[14]' is not inferred as ram due to incorrect usage [/home/frankie/WCIS/FLASH-ADC-CHARACTERIZATION/vivado projects/adc_control_schanchain_and_adctop/adc_control_schanchain_and_adctop.gen/sources_1/ip/clk_wiz_dyn/clk_wiz_dyn_mmcm_pll_drp.v:246]
WARNING: [Synth 8-7186] Applying attribute ram_style = "distributed" is ignored, object 'ram[13]' is not inferred as ram due to incorrect usage [/home/frankie/WCIS/FLASH-ADC-CHARACTERIZATION/vivado projects/adc_control_schanchain_and_adctop/adc_control_schanchain_and_adctop.gen/sources_1/ip/clk_wiz_dyn/clk_wiz_dyn_mmcm_pll_drp.v:246]
WARNING: [Synth 8-7186] Applying attribute ram_style = "distributed" is ignored, object 'ram[12]' is not inferred as ram due to incorrect usage [/home/frankie/WCIS/FLASH-ADC-CHARACTERIZATION/vivado projects/adc_control_schanchain_and_adctop/adc_control_schanchain_and_adctop.gen/sources_1/ip/clk_wiz_dyn/clk_wiz_dyn_mmcm_pll_drp.v:246]
WARNING: [Synth 8-7186] Applying attribute ram_style = "distributed" is ignored, object 'ram[11]' is not inferred as ram due to incorrect usage [/home/frankie/WCIS/FLASH-ADC-CHARACTERIZATION/vivado projects/adc_control_schanchain_and_adctop/adc_control_schanchain_and_adctop.gen/sources_1/ip/clk_wiz_dyn/clk_wiz_dyn_mmcm_pll_drp.v:246]
WARNING: [Synth 8-7186] Applying attribute ram_style = "distributed" is ignored, object 'ram[10]' is not inferred as ram due to incorrect usage [/home/frankie/WCIS/FLASH-ADC-CHARACTERIZATION/vivado projects/adc_control_schanchain_and_adctop/adc_control_schanchain_and_adctop.gen/sources_1/ip/clk_wiz_dyn/clk_wiz_dyn_mmcm_pll_drp.v:246]
WARNING: [Synth 8-7186] Applying attribute ram_style = "distributed" is ignored, object 'ram[9]' is not inferred as ram due to incorrect usage [/home/frankie/WCIS/FLASH-ADC-CHARACTERIZATION/vivado projects/adc_control_schanchain_and_adctop/adc_control_schanchain_and_adctop.gen/sources_1/ip/clk_wiz_dyn/clk_wiz_dyn_mmcm_pll_drp.v:246]
WARNING: [Synth 8-7186] Applying attribute ram_style = "distributed" is ignored, object 'ram[8]' is not inferred as ram due to incorrect usage [/home/frankie/WCIS/FLASH-ADC-CHARACTERIZATION/vivado projects/adc_control_schanchain_and_adctop/adc_control_schanchain_and_adctop.gen/sources_1/ip/clk_wiz_dyn/clk_wiz_dyn_mmcm_pll_drp.v:246]
WARNING: [Synth 8-7186] Applying attribute ram_style = "distributed" is ignored, object 'ram[7]' is not inferred as ram due to incorrect usage [/home/frankie/WCIS/FLASH-ADC-CHARACTERIZATION/vivado projects/adc_control_schanchain_and_adctop/adc_control_schanchain_and_adctop.gen/sources_1/ip/clk_wiz_dyn/clk_wiz_dyn_mmcm_pll_drp.v:246]
WARNING: [Synth 8-7186] Applying attribute ram_style = "distributed" is ignored, object 'ram[6]' is not inferred as ram due to incorrect usage [/home/frankie/WCIS/FLASH-ADC-CHARACTERIZATION/vivado projects/adc_control_schanchain_and_adctop/adc_control_schanchain_and_adctop.gen/sources_1/ip/clk_wiz_dyn/clk_wiz_dyn_mmcm_pll_drp.v:246]
WARNING: [Synth 8-7186] Applying attribute ram_style = "distributed" is ignored, object 'ram[5]' is not inferred as ram due to incorrect usage [/home/frankie/WCIS/FLASH-ADC-CHARACTERIZATION/vivado projects/adc_control_schanchain_and_adctop/adc_control_schanchain_and_adctop.gen/sources_1/ip/clk_wiz_dyn/clk_wiz_dyn_mmcm_pll_drp.v:246]
WARNING: [Synth 8-7186] Applying attribute ram_style = "distributed" is ignored, object 'ram[4]' is not inferred as ram due to incorrect usage [/home/frankie/WCIS/FLASH-ADC-CHARACTERIZATION/vivado projects/adc_control_schanchain_and_adctop/adc_control_schanchain_and_adctop.gen/sources_1/ip/clk_wiz_dyn/clk_wiz_dyn_mmcm_pll_drp.v:246]
WARNING: [Synth 8-7186] Applying attribute ram_style = "distributed" is ignored, object 'ram[3]' is not inferred as ram due to incorrect usage [/home/frankie/WCIS/FLASH-ADC-CHARACTERIZATION/vivado projects/adc_control_schanchain_and_adctop/adc_control_schanchain_and_adctop.gen/sources_1/ip/clk_wiz_dyn/clk_wiz_dyn_mmcm_pll_drp.v:246]
WARNING: [Synth 8-7186] Applying attribute ram_style = "distributed" is ignored, object 'ram[2]' is not inferred as ram due to incorrect usage [/home/frankie/WCIS/FLASH-ADC-CHARACTERIZATION/vivado projects/adc_control_schanchain_and_adctop/adc_control_schanchain_and_adctop.gen/sources_1/ip/clk_wiz_dyn/clk_wiz_dyn_mmcm_pll_drp.v:246]
WARNING: [Synth 8-7186] Applying attribute ram_style = "distributed" is ignored, object 'ram[1]' is not inferred as ram due to incorrect usage [/home/frankie/WCIS/FLASH-ADC-CHARACTERIZATION/vivado projects/adc_control_schanchain_and_adctop/adc_control_schanchain_and_adctop.gen/sources_1/ip/clk_wiz_dyn/clk_wiz_dyn_mmcm_pll_drp.v:246]
WARNING: [Synth 8-7186] Applying attribute ram_style = "distributed" is ignored, object 'ram[0]' is not inferred as ram due to incorrect usage [/home/frankie/WCIS/FLASH-ADC-CHARACTERIZATION/vivado projects/adc_control_schanchain_and_adctop/adc_control_schanchain_and_adctop.gen/sources_1/ip/clk_wiz_dyn/clk_wiz_dyn_mmcm_pll_drp.v:246]
INFO: [Synth 8-6155] done synthesizing module 'clk_wiz_dyn_mmcm_drp' (0#1) [/home/frankie/WCIS/FLASH-ADC-CHARACTERIZATION/vivado projects/adc_control_schanchain_and_adctop/adc_control_schanchain_and_adctop.gen/sources_1/ip/clk_wiz_dyn/clk_wiz_dyn_mmcm_pll_drp.v:70]
INFO: [Synth 8-256] done synthesizing module 'clk_wiz_dyn_clk_wiz_drp' (0#1) [/home/frankie/WCIS/FLASH-ADC-CHARACTERIZATION/vivado projects/adc_control_schanchain_and_adctop/adc_control_schanchain_and_adctop.gen/sources_1/ip/clk_wiz_dyn/clk_wiz_dyn_clk_wiz_drp.vhd:167]
INFO: [Synth 8-638] synthesizing module 'clk_wiz_dyn_soft_reset' [/home/frankie/WCIS/FLASH-ADC-CHARACTERIZATION/vivado projects/adc_control_schanchain_and_adctop/adc_control_schanchain_and_adctop.gen/sources_1/ip/clk_wiz_dyn/proc_common_v3_00_a/hdl/src/vhdl/clk_wiz_dyn_soft_reset.vhd:142]
	Parameter C_SIPIF_DWIDTH bound to: 32 - type: integer 
	Parameter C_RESET_WIDTH bound to: 16 - type: integer 
INFO: [Synth 8-113] binding component instance 'RST_FLOPS' to cell 'FDRSE' [/home/frankie/WCIS/FLASH-ADC-CHARACTERIZATION/vivado projects/adc_control_schanchain_and_adctop/adc_control_schanchain_and_adctop.gen/sources_1/ip/clk_wiz_dyn/proc_common_v3_00_a/hdl/src/vhdl/clk_wiz_dyn_soft_reset.vhd:273]
INFO: [Synth 8-113] binding component instance 'RST_FLOPS' to cell 'FDRSE' [/home/frankie/WCIS/FLASH-ADC-CHARACTERIZATION/vivado projects/adc_control_schanchain_and_adctop/adc_control_schanchain_and_adctop.gen/sources_1/ip/clk_wiz_dyn/proc_common_v3_00_a/hdl/src/vhdl/clk_wiz_dyn_soft_reset.vhd:273]
INFO: [Synth 8-113] binding component instance 'RST_FLOPS' to cell 'FDRSE' [/home/frankie/WCIS/FLASH-ADC-CHARACTERIZATION/vivado projects/adc_control_schanchain_and_adctop/adc_control_schanchain_and_adctop.gen/sources_1/ip/clk_wiz_dyn/proc_common_v3_00_a/hdl/src/vhdl/clk_wiz_dyn_soft_reset.vhd:273]
INFO: [Synth 8-113] binding component instance 'RST_FLOPS' to cell 'FDRSE' [/home/frankie/WCIS/FLASH-ADC-CHARACTERIZATION/vivado projects/adc_control_schanchain_and_adctop/adc_control_schanchain_and_adctop.gen/sources_1/ip/clk_wiz_dyn/proc_common_v3_00_a/hdl/src/vhdl/clk_wiz_dyn_soft_reset.vhd:273]
INFO: [Synth 8-113] binding component instance 'RST_FLOPS' to cell 'FDRSE' [/home/frankie/WCIS/FLASH-ADC-CHARACTERIZATION/vivado projects/adc_control_schanchain_and_adctop/adc_control_schanchain_and_adctop.gen/sources_1/ip/clk_wiz_dyn/proc_common_v3_00_a/hdl/src/vhdl/clk_wiz_dyn_soft_reset.vhd:273]
INFO: [Synth 8-113] binding component instance 'RST_FLOPS' to cell 'FDRSE' [/home/frankie/WCIS/FLASH-ADC-CHARACTERIZATION/vivado projects/adc_control_schanchain_and_adctop/adc_control_schanchain_and_adctop.gen/sources_1/ip/clk_wiz_dyn/proc_common_v3_00_a/hdl/src/vhdl/clk_wiz_dyn_soft_reset.vhd:273]
INFO: [Synth 8-113] binding component instance 'RST_FLOPS' to cell 'FDRSE' [/home/frankie/WCIS/FLASH-ADC-CHARACTERIZATION/vivado projects/adc_control_schanchain_and_adctop/adc_control_schanchain_and_adctop.gen/sources_1/ip/clk_wiz_dyn/proc_common_v3_00_a/hdl/src/vhdl/clk_wiz_dyn_soft_reset.vhd:273]
INFO: [Synth 8-113] binding component instance 'RST_FLOPS' to cell 'FDRSE' [/home/frankie/WCIS/FLASH-ADC-CHARACTERIZATION/vivado projects/adc_control_schanchain_and_adctop/adc_control_schanchain_and_adctop.gen/sources_1/ip/clk_wiz_dyn/proc_common_v3_00_a/hdl/src/vhdl/clk_wiz_dyn_soft_reset.vhd:273]
INFO: [Synth 8-113] binding component instance 'RST_FLOPS' to cell 'FDRSE' [/home/frankie/WCIS/FLASH-ADC-CHARACTERIZATION/vivado projects/adc_control_schanchain_and_adctop/adc_control_schanchain_and_adctop.gen/sources_1/ip/clk_wiz_dyn/proc_common_v3_00_a/hdl/src/vhdl/clk_wiz_dyn_soft_reset.vhd:273]
INFO: [Synth 8-113] binding component instance 'RST_FLOPS' to cell 'FDRSE' [/home/frankie/WCIS/FLASH-ADC-CHARACTERIZATION/vivado projects/adc_control_schanchain_and_adctop/adc_control_schanchain_and_adctop.gen/sources_1/ip/clk_wiz_dyn/proc_common_v3_00_a/hdl/src/vhdl/clk_wiz_dyn_soft_reset.vhd:273]
INFO: [Synth 8-113] binding component instance 'RST_FLOPS' to cell 'FDRSE' [/home/frankie/WCIS/FLASH-ADC-CHARACTERIZATION/vivado projects/adc_control_schanchain_and_adctop/adc_control_schanchain_and_adctop.gen/sources_1/ip/clk_wiz_dyn/proc_common_v3_00_a/hdl/src/vhdl/clk_wiz_dyn_soft_reset.vhd:273]
INFO: [Synth 8-113] binding component instance 'RST_FLOPS' to cell 'FDRSE' [/home/frankie/WCIS/FLASH-ADC-CHARACTERIZATION/vivado projects/adc_control_schanchain_and_adctop/adc_control_schanchain_and_adctop.gen/sources_1/ip/clk_wiz_dyn/proc_common_v3_00_a/hdl/src/vhdl/clk_wiz_dyn_soft_reset.vhd:273]
INFO: [Synth 8-113] binding component instance 'RST_FLOPS' to cell 'FDRSE' [/home/frankie/WCIS/FLASH-ADC-CHARACTERIZATION/vivado projects/adc_control_schanchain_and_adctop/adc_control_schanchain_and_adctop.gen/sources_1/ip/clk_wiz_dyn/proc_common_v3_00_a/hdl/src/vhdl/clk_wiz_dyn_soft_reset.vhd:273]
INFO: [Synth 8-113] binding component instance 'RST_FLOPS' to cell 'FDRSE' [/home/frankie/WCIS/FLASH-ADC-CHARACTERIZATION/vivado projects/adc_control_schanchain_and_adctop/adc_control_schanchain_and_adctop.gen/sources_1/ip/clk_wiz_dyn/proc_common_v3_00_a/hdl/src/vhdl/clk_wiz_dyn_soft_reset.vhd:273]
INFO: [Synth 8-113] binding component instance 'RST_FLOPS' to cell 'FDRSE' [/home/frankie/WCIS/FLASH-ADC-CHARACTERIZATION/vivado projects/adc_control_schanchain_and_adctop/adc_control_schanchain_and_adctop.gen/sources_1/ip/clk_wiz_dyn/proc_common_v3_00_a/hdl/src/vhdl/clk_wiz_dyn_soft_reset.vhd:273]
INFO: [Synth 8-113] binding component instance 'RST_FLOPS' to cell 'FDRSE' [/home/frankie/WCIS/FLASH-ADC-CHARACTERIZATION/vivado projects/adc_control_schanchain_and_adctop/adc_control_schanchain_and_adctop.gen/sources_1/ip/clk_wiz_dyn/proc_common_v3_00_a/hdl/src/vhdl/clk_wiz_dyn_soft_reset.vhd:273]
INFO: [Synth 8-113] binding component instance 'FF_WRACK' to cell 'FDRSE' [/home/frankie/WCIS/FLASH-ADC-CHARACTERIZATION/vivado projects/adc_control_schanchain_and_adctop/adc_control_schanchain_and_adctop.gen/sources_1/ip/clk_wiz_dyn/proc_common_v3_00_a/hdl/src/vhdl/clk_wiz_dyn_soft_reset.vhd:296]
INFO: [Synth 8-256] done synthesizing module 'clk_wiz_dyn_soft_reset' (0#1) [/home/frankie/WCIS/FLASH-ADC-CHARACTERIZATION/vivado projects/adc_control_schanchain_and_adctop/adc_control_schanchain_and_adctop.gen/sources_1/ip/clk_wiz_dyn/proc_common_v3_00_a/hdl/src/vhdl/clk_wiz_dyn_soft_reset.vhd:142]
INFO: [Synth 8-256] done synthesizing module 'clk_wiz_dyn_axi_clk_config' (0#1) [/home/frankie/WCIS/FLASH-ADC-CHARACTERIZATION/vivado projects/adc_control_schanchain_and_adctop/adc_control_schanchain_and_adctop.gen/sources_1/ip/clk_wiz_dyn/clk_wiz_dyn_axi_clk_config.vhd:190]
INFO: [Synth 8-6155] done synthesizing module 'clk_wiz_dyn' (0#1) [/home/frankie/WCIS/FLASH-ADC-CHARACTERIZATION/vivado projects/adc_control_schanchain_and_adctop/adc_control_schanchain_and_adctop.gen/sources_1/ip/clk_wiz_dyn/clk_wiz_dyn.v:65]
WARNING: [Synth 8-6014] Unused sequential element clk_mon_error_reg_sig_reg was removed.  [/home/frankie/WCIS/FLASH-ADC-CHARACTERIZATION/vivado projects/adc_control_schanchain_and_adctop/adc_control_schanchain_and_adctop.gen/sources_1/ip/clk_wiz_dyn/clk_wiz_dyn_clk_wiz_drp.vhd:525]
WARNING: [Synth 8-7129] Port Bus2IP_Data[0] in module clk_wiz_dyn_soft_reset is either unconnected or has no load
WARNING: [Synth 8-7129] Port Bus2IP_Data[1] in module clk_wiz_dyn_soft_reset is either unconnected or has no load
WARNING: [Synth 8-7129] Port Bus2IP_Data[2] in module clk_wiz_dyn_soft_reset is either unconnected or has no load
WARNING: [Synth 8-7129] Port Bus2IP_Data[3] in module clk_wiz_dyn_soft_reset is either unconnected or has no load
WARNING: [Synth 8-7129] Port Bus2IP_Data[4] in module clk_wiz_dyn_soft_reset is either unconnected or has no load
WARNING: [Synth 8-7129] Port Bus2IP_Data[5] in module clk_wiz_dyn_soft_reset is either unconnected or has no load
WARNING: [Synth 8-7129] Port Bus2IP_Data[6] in module clk_wiz_dyn_soft_reset is either unconnected or has no load
WARNING: [Synth 8-7129] Port Bus2IP_Data[7] in module clk_wiz_dyn_soft_reset is either unconnected or has no load
WARNING: [Synth 8-7129] Port Bus2IP_Data[8] in module clk_wiz_dyn_soft_reset is either unconnected or has no load
WARNING: [Synth 8-7129] Port Bus2IP_Data[9] in module clk_wiz_dyn_soft_reset is either unconnected or has no load
WARNING: [Synth 8-7129] Port Bus2IP_Data[10] in module clk_wiz_dyn_soft_reset is either unconnected or has no load
WARNING: [Synth 8-7129] Port Bus2IP_Data[11] in module clk_wiz_dyn_soft_reset is either unconnected or has no load
WARNING: [Synth 8-7129] Port Bus2IP_Data[12] in module clk_wiz_dyn_soft_reset is either unconnected or has no load
WARNING: [Synth 8-7129] Port Bus2IP_Data[13] in module clk_wiz_dyn_soft_reset is either unconnected or has no load
WARNING: [Synth 8-7129] Port Bus2IP_Data[14] in module clk_wiz_dyn_soft_reset is either unconnected or has no load
WARNING: [Synth 8-7129] Port Bus2IP_Data[15] in module clk_wiz_dyn_soft_reset is either unconnected or has no load
WARNING: [Synth 8-7129] Port Bus2IP_Data[16] in module clk_wiz_dyn_soft_reset is either unconnected or has no load
WARNING: [Synth 8-7129] Port Bus2IP_Data[17] in module clk_wiz_dyn_soft_reset is either unconnected or has no load
WARNING: [Synth 8-7129] Port Bus2IP_Data[18] in module clk_wiz_dyn_soft_reset is either unconnected or has no load
WARNING: [Synth 8-7129] Port Bus2IP_Data[19] in module clk_wiz_dyn_soft_reset is either unconnected or has no load
WARNING: [Synth 8-7129] Port Bus2IP_Data[20] in module clk_wiz_dyn_soft_reset is either unconnected or has no load
WARNING: [Synth 8-7129] Port Bus2IP_Data[21] in module clk_wiz_dyn_soft_reset is either unconnected or has no load
WARNING: [Synth 8-7129] Port Bus2IP_Data[22] in module clk_wiz_dyn_soft_reset is either unconnected or has no load
WARNING: [Synth 8-7129] Port Bus2IP_Data[23] in module clk_wiz_dyn_soft_reset is either unconnected or has no load
WARNING: [Synth 8-7129] Port Bus2IP_Data[24] in module clk_wiz_dyn_soft_reset is either unconnected or has no load
WARNING: [Synth 8-7129] Port Bus2IP_Data[25] in module clk_wiz_dyn_soft_reset is either unconnected or has no load
WARNING: [Synth 8-7129] Port Bus2IP_Data[26] in module clk_wiz_dyn_soft_reset is either unconnected or has no load
WARNING: [Synth 8-7129] Port Bus2IP_Data[27] in module clk_wiz_dyn_soft_reset is either unconnected or has no load
WARNING: [Synth 8-7129] Port Bus2IP_BE[0] in module clk_wiz_dyn_soft_reset is either unconnected or has no load
WARNING: [Synth 8-7129] Port Bus2IP_BE[1] in module clk_wiz_dyn_soft_reset is either unconnected or has no load
WARNING: [Synth 8-7129] Port Bus2IP_BE[2] in module clk_wiz_dyn_soft_reset is either unconnected or has no load
WARNING: [Synth 8-7129] Port Bus2IP_RdCE[5] in module clk_wiz_dyn_clk_wiz_drp is either unconnected or has no load
WARNING: [Synth 8-7129] Port Bus2IP_RdCE[6] in module clk_wiz_dyn_clk_wiz_drp is either unconnected or has no load
WARNING: [Synth 8-7129] Port Bus2IP_RdCE[7] in module clk_wiz_dyn_clk_wiz_drp is either unconnected or has no load
WARNING: [Synth 8-7129] Port Bus2IP_WrCE[0] in module clk_wiz_dyn_clk_wiz_drp is either unconnected or has no load
WARNING: [Synth 8-7129] Port Bus2IP_WrCE[5] in module clk_wiz_dyn_clk_wiz_drp is either unconnected or has no load
WARNING: [Synth 8-7129] Port Bus2IP_WrCE[6] in module clk_wiz_dyn_clk_wiz_drp is either unconnected or has no load
WARNING: [Synth 8-7129] Port Bus2IP_WrCE[7] in module clk_wiz_dyn_clk_wiz_drp is either unconnected or has no load
WARNING: [Synth 8-7129] Port A[0] in module clk_wiz_dyn_pselect_f__parameterized8 is either unconnected or has no load
WARNING: [Synth 8-7129] Port A[1] in module clk_wiz_dyn_pselect_f__parameterized8 is either unconnected or has no load
WARNING: [Synth 8-7129] Port A[2] in module clk_wiz_dyn_pselect_f__parameterized8 is either unconnected or has no load
WARNING: [Synth 8-7129] Port A[3] in module clk_wiz_dyn_pselect_f__parameterized8 is either unconnected or has no load
WARNING: [Synth 8-7129] Port A[4] in module clk_wiz_dyn_pselect_f__parameterized8 is either unconnected or has no load
WARNING: [Synth 8-7129] Port A[5] in module clk_wiz_dyn_pselect_f__parameterized8 is either unconnected or has no load
WARNING: [Synth 8-7129] Port A[6] in module clk_wiz_dyn_pselect_f__parameterized8 is either unconnected or has no load
WARNING: [Synth 8-7129] Port A[7] in module clk_wiz_dyn_pselect_f__parameterized8 is either unconnected or has no load
WARNING: [Synth 8-7129] Port A[8] in module clk_wiz_dyn_pselect_f__parameterized8 is either unconnected or has no load
WARNING: [Synth 8-7129] Port A[9] in module clk_wiz_dyn_pselect_f__parameterized8 is either unconnected or has no load
WARNING: [Synth 8-7129] Port A[10] in module clk_wiz_dyn_pselect_f__parameterized8 is either unconnected or has no load
WARNING: [Synth 8-7129] Port A[6] in module clk_wiz_dyn_pselect_f is either unconnected or has no load
WARNING: [Synth 8-7129] Port A[7] in module clk_wiz_dyn_pselect_f is either unconnected or has no load
WARNING: [Synth 8-7129] Port A[8] in module clk_wiz_dyn_pselect_f is either unconnected or has no load
WARNING: [Synth 8-7129] Port A[9] in module clk_wiz_dyn_pselect_f is either unconnected or has no load
WARNING: [Synth 8-7129] Port A[10] in module clk_wiz_dyn_pselect_f is either unconnected or has no load
WARNING: [Synth 8-7129] Port Bus_RNW in module clk_wiz_dyn_address_decoder is either unconnected or has no load
---------------------------------------------------------------------------------
Finished RTL Elaboration : Time (s): cpu = 00:00:04 ; elapsed = 00:00:05 . Memory (MB): peak = 2340.465 ; gain = 595.844 ; free physical = 703 ; free virtual = 4548
---------------------------------------------------------------------------------
---------------------------------------------------------------------------------
Start Handling Custom Attributes
---------------------------------------------------------------------------------
---------------------------------------------------------------------------------
Finished Handling Custom Attributes : Time (s): cpu = 00:00:04 ; elapsed = 00:00:05 . Memory (MB): peak = 2352.340 ; gain = 607.719 ; free physical = 703 ; free virtual = 4548
---------------------------------------------------------------------------------
---------------------------------------------------------------------------------
Finished RTL Optimization Phase 1 : Time (s): cpu = 00:00:04 ; elapsed = 00:00:05 . Memory (MB): peak = 2352.340 ; gain = 607.719 ; free physical = 703 ; free virtual = 4548
---------------------------------------------------------------------------------
Netlist sorting complete. Time (s): cpu = 00:00:00.03 ; elapsed = 00:00:00.03 . Memory (MB): peak = 2355.309 ; gain = 0.000 ; free physical = 703 ; free virtual = 4548
INFO: [Netlist 29-17] Analyzing 18 Unisim elements for replacement
INFO: [Netlist 29-28] Unisim Transformation completed in 0 CPU seconds
INFO: [Project 1-570] Preparing netlist for logic optimization

Processing XDC Constraints
Initializing timing engine
Parsing XDC File [/home/frankie/WCIS/FLASH-ADC-CHARACTERIZATION/vivado projects/adc_control_schanchain_and_adctop/adc_control_schanchain_and_adctop.gen/sources_1/ip/clk_wiz_dyn/clk_wiz_dyn_ooc.xdc] for cell 'inst'
Finished Parsing XDC File [/home/frankie/WCIS/FLASH-ADC-CHARACTERIZATION/vivado projects/adc_control_schanchain_and_adctop/adc_control_schanchain_and_adctop.gen/sources_1/ip/clk_wiz_dyn/clk_wiz_dyn_ooc.xdc] for cell 'inst'
Parsing XDC File [/home/frankie/WCIS/FLASH-ADC-CHARACTERIZATION/vivado projects/adc_control_schanchain_and_adctop/adc_control_schanchain_and_adctop.gen/sources_1/ip/clk_wiz_dyn/clk_wiz_dyn_board.xdc] for cell 'inst'
Finished Parsing XDC File [/home/frankie/WCIS/FLASH-ADC-CHARACTERIZATION/vivado projects/adc_control_schanchain_and_adctop/adc_control_schanchain_and_adctop.gen/sources_1/ip/clk_wiz_dyn/clk_wiz_dyn_board.xdc] for cell 'inst'
Parsing XDC File [/home/frankie/WCIS/FLASH-ADC-CHARACTERIZATION/vivado projects/adc_control_schanchain_and_adctop/adc_control_schanchain_and_adctop.gen/sources_1/ip/clk_wiz_dyn/clk_wiz_dyn.xdc] for cell 'inst'
Finished Parsing XDC File [/home/frankie/WCIS/FLASH-ADC-CHARACTERIZATION/vivado projects/adc_control_schanchain_and_adctop/adc_control_schanchain_and_adctop.gen/sources_1/ip/clk_wiz_dyn/clk_wiz_dyn.xdc] for cell 'inst'
INFO: [Project 1-236] Implementation specific constraints were found while reading constraint file [/home/frankie/WCIS/FLASH-ADC-CHARACTERIZATION/vivado projects/adc_control_schanchain_and_adctop/adc_control_schanchain_and_adctop.gen/sources_1/ip/clk_wiz_dyn/clk_wiz_dyn.xdc]. These constraints will be ignored for synthesis but will be used in implementation. Impacted constraints are listed in the file [.Xil/clk_wiz_dyn_propImpl.xdc].
Resolution: To avoid this warning, move constraints listed in [.Xil/clk_wiz_dyn_propImpl.xdc] to another XDC file and exclude this new file from synthesis with the used_in_synthesis property (File Properties dialog in GUI) and re-run elaboration/synthesis.
INFO: [Timing 38-2] Deriving generated clocks
Parsing XDC File [/home/frankie/WCIS/FLASH-ADC-CHARACTERIZATION/vivado projects/adc_control_schanchain_and_adctop/adc_control_schanchain_and_adctop.runs/clk_wiz_dyn_synth_1/dont_touch.xdc]
Finished Parsing XDC File [/home/frankie/WCIS/FLASH-ADC-CHARACTERIZATION/vivado projects/adc_control_schanchain_and_adctop/adc_control_schanchain_and_adctop.runs/clk_wiz_dyn_synth_1/dont_touch.xdc]
Completed Processing XDC Constraints

Netlist sorting complete. Time (s): cpu = 00:00:00 ; elapsed = 00:00:00 . Memory (MB): peak = 2453.109 ; gain = 0.000 ; free physical = 696 ; free virtual = 4541
INFO: [Project 1-111] Unisim Transformation Summary:
  A total of 17 instances were transformed.
  FDRSE => FDRSE (FDRE, LUT4, VCC): 17 instances

lscpu: bad usage
Try 'lscpu --help' for more information.
Constraint Validation Runtime : Time (s): cpu = 00:00:00.04 ; elapsed = 00:00:00.03 . Memory (MB): peak = 2453.145 ; gain = 0.000 ; free physical = 704 ; free virtual = 4549
INFO: [Designutils 20-5008] Incremental synthesis strategy off
---------------------------------------------------------------------------------
Finished Constraint Validation : Time (s): cpu = 00:00:10 ; elapsed = 00:00:10 . Memory (MB): peak = 2453.145 ; gain = 708.523 ; free physical = 720 ; free virtual = 4566
---------------------------------------------------------------------------------
---------------------------------------------------------------------------------
Start Loading Part and Timing Information
---------------------------------------------------------------------------------
Loading part: xc7a35tcpg236-1
---------------------------------------------------------------------------------
Finished Loading Part and Timing Information : Time (s): cpu = 00:00:10 ; elapsed = 00:00:10 . Memory (MB): peak = 2461.113 ; gain = 716.492 ; free physical = 720 ; free virtual = 4566
---------------------------------------------------------------------------------
---------------------------------------------------------------------------------
Start Applying 'set_property' XDC Constraints
---------------------------------------------------------------------------------
---------------------------------------------------------------------------------
Finished applying 'set_property' XDC Constraints : Time (s): cpu = 00:00:10 ; elapsed = 00:00:10 . Memory (MB): peak = 2461.113 ; gain = 716.492 ; free physical = 720 ; free virtual = 4566
---------------------------------------------------------------------------------
INFO: [Synth 8-802] inferred FSM for state register 'state_reg' in module 'clk_wiz_dyn_slave_attachment'
INFO: [Synth 8-802] inferred FSM for state register 'current_state_reg' in module 'clk_wiz_dyn_mmcm_drp'
WARNING: [Synth 8-3936] Found unconnected internal register 'clkout0_reg_reg' and it is trimmed from '32' to '18' bits. [/home/frankie/WCIS/FLASH-ADC-CHARACTERIZATION/vivado projects/adc_control_schanchain_and_adctop/adc_control_schanchain_and_adctop.gen/sources_1/ip/clk_wiz_dyn/clk_wiz_dyn_clk_wiz_drp.vhd:433]
WARNING: [Synth 8-3936] Found unconnected internal register 'clkfbout_reg_reg' and it is trimmed from '32' to '26' bits. [/home/frankie/WCIS/FLASH-ADC-CHARACTERIZATION/vivado projects/adc_control_schanchain_and_adctop/adc_control_schanchain_and_adctop.gen/sources_1/ip/clk_wiz_dyn/clk_wiz_dyn_clk_wiz_drp.vhd:430]
---------------------------------------------------------------------------------------------------
                   State |                     New Encoding |                Previous Encoding 
---------------------------------------------------------------------------------------------------
                 iSTATE2 |                             0001 |                               00
                  iSTATE |                             0010 |                               01
                 iSTATE0 |                             0100 |                               10
                 iSTATE1 |                             1000 |                               11
---------------------------------------------------------------------------------------------------
INFO: [Synth 8-3354] encoded FSM with state register 'state_reg' using encoding 'one-hot' in module 'clk_wiz_dyn_slave_attachment'
INFO: [Synth 8-6159] Found Keep on FSM register 'current_state_reg' in module 'clk_wiz_dyn_mmcm_drp', re-encoding will not be performed
---------------------------------------------------------------------------------------------------
                   State |                     New Encoding |                Previous Encoding 
---------------------------------------------------------------------------------------------------
*
                 RESTART |                             0001 |                             0001
               WAIT_LOCK |                             0010 |                             0010
                WAIT_SEN |                             0011 |                             0011
                 ADDRESS |                             0100 |                             0100
             WAIT_A_DRDY |                             0101 |                             0101
                 BITMASK |                             0110 |                             0110
                  BITSET |                             0111 |                             0111
                   WRITE |                             1000 |                             1000
               WAIT_DRDY |                             1001 |                             1001
---------------------------------------------------------------------------------------------------
---------------------------------------------------------------------------------
Finished RTL Optimization Phase 2 : Time (s): cpu = 00:00:11 ; elapsed = 00:00:11 . Memory (MB): peak = 2461.113 ; gain = 716.492 ; free physical = 726 ; free virtual = 4575
---------------------------------------------------------------------------------
---------------------------------------------------------------------------------
Start RTL Component Statistics 
---------------------------------------------------------------------------------
Detailed RTL Component Info : 
+---Adders : 
	   2 Input   32 Bit       Adders := 1     
	   4 Input    8 Bit       Adders := 2     
	   2 Input    7 Bit       Adders := 1     
	   2 Input    6 Bit       Adders := 10    
	   3 Input    6 Bit       Adders := 13    
	   2 Input    5 Bit       Adders := 1     
+---Registers : 
	               39 Bit    Registers := 26    
	               32 Bit    Registers := 34    
	               26 Bit    Registers := 1     
	               18 Bit    Registers := 1     
	               16 Bit    Registers := 6     
	               11 Bit    Registers := 1     
	                7 Bit    Registers := 2     
	                6 Bit    Registers := 1     
	                5 Bit    Registers := 1     
	                2 Bit    Registers := 3     
	                1 Bit    Registers := 42    
+---Multipliers : 
	               4x32  Multipliers := 1     
	               6x32  Multipliers := 1     
+---Muxes : 
	   3 Input   39 Bit        Muxes := 6     
	   2 Input   39 Bit        Muxes := 6     
	   2 Input   32 Bit        Muxes := 4     
	  10 Input   16 Bit        Muxes := 1     
	   3 Input   12 Bit        Muxes := 2     
	   2 Input   11 Bit        Muxes := 1     
	   2 Input    7 Bit        Muxes := 18    
	  10 Input    7 Bit        Muxes := 1     
	   2 Input    6 Bit        Muxes := 9     
	  10 Input    6 Bit        Muxes := 1     
	  10 Input    5 Bit        Muxes := 1     
	   2 Input    5 Bit        Muxes := 1     
	  10 Input    4 Bit        Muxes := 1     
	   2 Input    4 Bit        Muxes := 7     
	   4 Input    4 Bit        Muxes := 1     
	   2 Input    3 Bit        Muxes := 3     
	   2 Input    2 Bit        Muxes := 4     
	   3 Input    2 Bit        Muxes := 1     
	   4 Input    2 Bit        Muxes := 1     
	  10 Input    1 Bit        Muxes := 9     
	   2 Input    1 Bit        Muxes := 108   
	   5 Input    1 Bit        Muxes := 2     
---------------------------------------------------------------------------------
Finished RTL Component Statistics 
---------------------------------------------------------------------------------
---------------------------------------------------------------------------------
Start Part Resource Summary
---------------------------------------------------------------------------------
Part Resources:
DSPs: 90 (col length:60)
BRAMs: 100 (col length: RAMB18 60 RAMB36 30)
---------------------------------------------------------------------------------
Finished Part Resource Summary
---------------------------------------------------------------------------------
---------------------------------------------------------------------------------
Start Cross Boundary and Area Optimization
---------------------------------------------------------------------------------
---------------------------------------------------------------------------------
Finished Cross Boundary and Area Optimization : Time (s): cpu = 00:00:20 ; elapsed = 00:00:20 . Memory (MB): peak = 2461.113 ; gain = 716.492 ; free physical = 732 ; free virtual = 4580
---------------------------------------------------------------------------------
---------------------------------------------------------------------------------
Start Applying XDC Timing Constraints
---------------------------------------------------------------------------------
---------------------------------------------------------------------------------
Finished Applying XDC Timing Constraints : Time (s): cpu = 00:00:23 ; elapsed = 00:00:24 . Memory (MB): peak = 2539.113 ; gain = 794.492 ; free physical = 640 ; free virtual = 4488
---------------------------------------------------------------------------------
---------------------------------------------------------------------------------
Start Timing Optimization
---------------------------------------------------------------------------------
---------------------------------------------------------------------------------
Finished Timing Optimization : Time (s): cpu = 00:00:32 ; elapsed = 00:00:33 . Memory (MB): peak = 2618.535 ; gain = 873.914 ; free physical = 566 ; free virtual = 4414
---------------------------------------------------------------------------------
---------------------------------------------------------------------------------
Start Technology Mapping
---------------------------------------------------------------------------------
---------------------------------------------------------------------------------
Finished Technology Mapping : Time (s): cpu = 00:00:33 ; elapsed = 00:00:33 . Memory (MB): peak = 2634.551 ; gain = 889.930 ; free physical = 551 ; free virtual = 4398
---------------------------------------------------------------------------------
---------------------------------------------------------------------------------
Start IO Insertion
---------------------------------------------------------------------------------
---------------------------------------------------------------------------------
Start Flattening Before IO Insertion
---------------------------------------------------------------------------------
---------------------------------------------------------------------------------
Finished Flattening Before IO Insertion
---------------------------------------------------------------------------------
---------------------------------------------------------------------------------
Start Final Netlist Cleanup
---------------------------------------------------------------------------------
---------------------------------------------------------------------------------
Finished Final Netlist Cleanup
---------------------------------------------------------------------------------
---------------------------------------------------------------------------------
Finished IO Insertion : Time (s): cpu = 00:00:36 ; elapsed = 00:00:36 . Memory (MB): peak = 2739.363 ; gain = 994.742 ; free physical = 461 ; free virtual = 4308
---------------------------------------------------------------------------------
---------------------------------------------------------------------------------
Start Renaming Generated Instances
---------------------------------------------------------------------------------
---------------------------------------------------------------------------------
Finished Renaming Generated Instances : Time (s): cpu = 00:00:36 ; elapsed = 00:00:36 . Memory (MB): peak = 2739.363 ; gain = 994.742 ; free physical = 461 ; free virtual = 4308
---------------------------------------------------------------------------------
---------------------------------------------------------------------------------
Start Rebuilding User Hierarchy
---------------------------------------------------------------------------------
---------------------------------------------------------------------------------
Finished Rebuilding User Hierarchy : Time (s): cpu = 00:00:36 ; elapsed = 00:00:36 . Memory (MB): peak = 2739.363 ; gain = 994.742 ; free physical = 461 ; free virtual = 4308
---------------------------------------------------------------------------------
---------------------------------------------------------------------------------
Start Renaming Generated Ports
---------------------------------------------------------------------------------
---------------------------------------------------------------------------------
Finished Renaming Generated Ports : Time (s): cpu = 00:00:36 ; elapsed = 00:00:36 . Memory (MB): peak = 2739.363 ; gain = 994.742 ; free physical = 461 ; free virtual = 4308
---------------------------------------------------------------------------------
---------------------------------------------------------------------------------
Start Handling Custom Attributes
---------------------------------------------------------------------------------
---------------------------------------------------------------------------------
Finished Handling Custom Attributes : Time (s): cpu = 00:00:36 ; elapsed = 00:00:36 . Memory (MB): peak = 2739.363 ; gain = 994.742 ; free physical = 461 ; free virtual = 4308
---------------------------------------------------------------------------------
---------------------------------------------------------------------------------
Start Renaming Generated Nets
---------------------------------------------------------------------------------
---------------------------------------------------------------------------------
Finished Renaming Generated Nets : Time (s): cpu = 00:00:36 ; elapsed = 00:00:36 . Memory (MB): peak = 2739.363 ; gain = 994.742 ; free physical = 461 ; free virtual = 4308
---------------------------------------------------------------------------------
---------------------------------------------------------------------------------
Start Writing Synthesis Report
---------------------------------------------------------------------------------

Report BlackBoxes: 
+-+--------------+----------+
| |BlackBox name |Instances |
+-+--------------+----------+
+-+--------------+----------+

Report Cell Usage: 
+------+-----------+------+
|      |Cell       |Count |
+------+-----------+------+
|1     |BUFG       |     2|
|2     |CARRY4     |    32|
|3     |LUT1       |     3|
|4     |LUT2       |   154|
|5     |LUT3       |   152|
|6     |LUT4       |   109|
|7     |LUT5       |   169|
|8     |LUT6       |   678|
|9     |MMCME2_ADV |     1|
|10    |MUXF7      |   153|
|11    |MUXF8      |     4|
|12    |FDRE       |  1422|
|13    |FDSE       |    66|
|14    |IBUF       |     1|
+------+-----------+------+
---------------------------------------------------------------------------------
Finished Writing Synthesis Report : Time (s): cpu = 00:00:36 ; elapsed = 00:00:36 . Memory (MB): peak = 2739.363 ; gain = 994.742 ; free physical = 461 ; free virtual = 4308
---------------------------------------------------------------------------------
Synthesis finished with 0 errors, 0 critical warnings and 2 warnings.
Synthesis Optimization Runtime : Time (s): cpu = 00:00:34 ; elapsed = 00:00:35 . Memory (MB): peak = 2739.363 ; gain = 893.938 ; free physical = 461 ; free virtual = 4308
Synthesis Optimization Complete : Time (s): cpu = 00:00:36 ; elapsed = 00:00:36 . Memory (MB): peak = 2739.371 ; gain = 994.742 ; free physical = 461 ; free virtual = 4308
INFO: [Project 1-571] Translating synthesized netlist
Netlist sorting complete. Time (s): cpu = 00:00:02 ; elapsed = 00:00:00.01 . Memory (MB): peak = 2739.371 ; gain = 0.000 ; free physical = 616 ; free virtual = 4463
INFO: [Netlist 29-17] Analyzing 190 Unisim elements for replacement
INFO: [Netlist 29-28] Unisim Transformation completed in 0 CPU seconds
INFO: [Project 1-570] Preparing netlist for logic optimization
INFO: [Opt 31-138] Pushed 0 inverter(s) to 0 load pin(s).
Netlist sorting complete. Time (s): cpu = 00:00:00 ; elapsed = 00:00:00 . Memory (MB): peak = 2795.391 ; gain = 0.000 ; free physical = 609 ; free virtual = 4457
INFO: [Project 1-111] Unisim Transformation Summary:
No Unisim elements were transformed.

lscpu: bad usage
Try 'lscpu --help' for more information.
Synth Design complete | Checksum: ae95251
INFO: [Common 17-83] Releasing license: Synthesis
88 Infos, 122 Warnings, 0 Critical Warnings and 0 Errors encountered.
synth_design completed successfully
INFO: [Common 17-600] The following parameters have non-default value.
tcl.statsThreshold
Write ShapeDB Complete: Time (s): cpu = 00:00:00.01 ; elapsed = 00:00:00 . Memory (MB): peak = 2819.402 ; gain = 0.000 ; free physical = 609 ; free virtual = 4457
INFO: [Common 17-1381] The checkpoint '/home/frankie/WCIS/FLASH-ADC-CHARACTERIZATION/vivado projects/adc_control_schanchain_and_adctop/adc_control_schanchain_and_adctop.runs/clk_wiz_dyn_synth_1/clk_wiz_dyn.dcp' has been generated.
INFO: [Coretcl 2-1648] Added synthesis output to IP cache for IP clk_wiz_dyn, cache-ID = 595f44355df23837
Write ShapeDB Complete: Time (s): cpu = 00:00:00.01 ; elapsed = 00:00:00 . Memory (MB): peak = 2819.402 ; gain = 0.000 ; free physical = 594 ; free virtual = 4445
INFO: [Common 17-1381] The checkpoint '/home/frankie/WCIS/FLASH-ADC-CHARACTERIZATION/vivado projects/adc_control_schanchain_and_adctop/adc_control_schanchain_and_adctop.runs/clk_wiz_dyn_synth_1/clk_wiz_dyn.dcp' has been generated.
INFO: [Vivado 12-24828] Executing command : report_utilization -file clk_wiz_dyn_utilization_synth.rpt -pb clk_wiz_dyn_utilization_synth.pb
INFO: [Common 17-206] Exiting Vivado at Mon Mar 23 13:37:11 2026...
