
*** Running vivado
    with args -log top_v3.vdi -applog -m64 -product Vivado -messageDb vivado.pb -mode batch -source top_v3.tcl -notrace


****** Vivado v2025.2 (64-bit)
  **** SW Build 6299465 on Fri Nov 14 12:34:56 MST 2025
  **** IP Build 6300035 on Fri Nov 14 10:48:45 MST 2025
  **** SharedData Build 6298862 on Thu Nov 13 04:50:51 MST 2025
  **** Start of session at: Mon Mar 23 18:41:28 2026
    ** Copyright 1986-2022 Xilinx, Inc. All Rights Reserved.
    ** Copyright 2022-2025 Advanced Micro Devices, Inc. All Rights Reserved.

source top_v3.tcl -notrace
Command: link_design -top top_v3 -part xc7a35tcpg236-1
Design is defaulting to srcset: sources_1
Design is defaulting to constrset: constrs_1
INFO: [Device 21-403] Loading part xc7a35tcpg236-1
INFO: [Project 1-5699] Read binary netlist with skipMacroContent - 1
INFO: [Project 1-454] Reading design checkpoint '/home/frankie/WCIS/FLASH-ADC-CHARACTERIZATION/vivado projects/Fs_iterations/Fs_4M/Fs_4M.gen/sources_1/ip/clk_wiz_0/clk_wiz_0.dcp' for cell 'u_100M_clk'
INFO: [Project 1-454] Reading design checkpoint '/home/frankie/WCIS/FLASH-ADC-CHARACTERIZATION/vivado projects/Fs_iterations/Fs_4M/Fs_4M.gen/sources_1/ip/tx_fifo/tx_fifo.dcp' for cell 'u_tx_fifo'
Netlist sorting complete. Time (s): cpu = 00:00:00.01 ; elapsed = 00:00:00 . Memory (MB): peak = 1777.262 ; gain = 0.000 ; free physical = 1409 ; free virtual = 5729
INFO: [Netlist 29-17] Analyzing 63 Unisim elements for replacement
INFO: [Netlist 29-28] Unisim Transformation completed in 0 CPU seconds
INFO: [Project 1-479] Netlist was created with Vivado 2025.2
INFO: [Project 1-570] Preparing netlist for logic optimization
WARNING: [Opt 31-35] Removing redundant IBUF, u_100M_clk/inst/clkin1_ibufg, from the path connected to top-level port: sysclk 
Resolution: The tool has removed redundant IBUF. To resolve this warning, check for redundant IBUF in the input design.
WARNING: [Constraints 18-550] Could not create 'IBUF_LOW_PWR' constraint because net 'u_100M_clk/clk_in1' is not directly connected to top level port. 'IBUF_LOW_PWR' is ignored for synthesis but preserved for implementation.
Parsing XDC File [/home/frankie/WCIS/FLASH-ADC-CHARACTERIZATION/vivado projects/Fs_iterations/Fs_4M/Fs_4M.gen/sources_1/ip/tx_fifo/tx_fifo.xdc] for cell 'u_tx_fifo/U0'
Finished Parsing XDC File [/home/frankie/WCIS/FLASH-ADC-CHARACTERIZATION/vivado projects/Fs_iterations/Fs_4M/Fs_4M.gen/sources_1/ip/tx_fifo/tx_fifo.xdc] for cell 'u_tx_fifo/U0'
Parsing XDC File [/home/frankie/WCIS/FLASH-ADC-CHARACTERIZATION/vivado projects/Fs_iterations/Fs_4M/Fs_4M.gen/sources_1/ip/clk_wiz_0/clk_wiz_0_board.xdc] for cell 'u_100M_clk/inst'
Finished Parsing XDC File [/home/frankie/WCIS/FLASH-ADC-CHARACTERIZATION/vivado projects/Fs_iterations/Fs_4M/Fs_4M.gen/sources_1/ip/clk_wiz_0/clk_wiz_0_board.xdc] for cell 'u_100M_clk/inst'
Parsing XDC File [/home/frankie/WCIS/FLASH-ADC-CHARACTERIZATION/vivado projects/Fs_iterations/Fs_4M/Fs_4M.gen/sources_1/ip/clk_wiz_0/clk_wiz_0.xdc] for cell 'u_100M_clk/inst'
INFO: [Timing 38-35] Done setting XDC timing constraints. [/home/frankie/WCIS/FLASH-ADC-CHARACTERIZATION/vivado projects/Fs_iterations/Fs_4M/Fs_4M.gen/sources_1/ip/clk_wiz_0/clk_wiz_0.xdc:54]
INFO: [Timing 38-2] Deriving generated clocks [/home/frankie/WCIS/FLASH-ADC-CHARACTERIZATION/vivado projects/Fs_iterations/Fs_4M/Fs_4M.gen/sources_1/ip/clk_wiz_0/clk_wiz_0.xdc:54]
Finished Parsing XDC File [/home/frankie/WCIS/FLASH-ADC-CHARACTERIZATION/vivado projects/Fs_iterations/Fs_4M/Fs_4M.gen/sources_1/ip/clk_wiz_0/clk_wiz_0.xdc] for cell 'u_100M_clk/inst'
Parsing XDC File [/home/frankie/WCIS/FLASH-ADC-CHARACTERIZATION/vivado projects/Fs_iterations/Fs_4M/Fs_4M.srcs/constrs_1/imports/sw/CmodA7_Master.xdc]
WARNING: [Vivado 12-584] No ports matched 'led[0]'. [/home/frankie/WCIS/FLASH-ADC-CHARACTERIZATION/vivado projects/Fs_iterations/Fs_4M/Fs_4M.srcs/constrs_1/imports/sw/CmodA7_Master.xdc:29]
CRITICAL WARNING: [Common 17-55] 'set_property' expects at least one object. [/home/frankie/WCIS/FLASH-ADC-CHARACTERIZATION/vivado projects/Fs_iterations/Fs_4M/Fs_4M.srcs/constrs_1/imports/sw/CmodA7_Master.xdc:29]
Resolution: If [get_<value>] was used to populate the object, check to make sure this command returns at least one valid object.
WARNING: [Vivado 12-584] No ports matched 'led[1]'. [/home/frankie/WCIS/FLASH-ADC-CHARACTERIZATION/vivado projects/Fs_iterations/Fs_4M/Fs_4M.srcs/constrs_1/imports/sw/CmodA7_Master.xdc:30]
CRITICAL WARNING: [Common 17-55] 'set_property' expects at least one object. [/home/frankie/WCIS/FLASH-ADC-CHARACTERIZATION/vivado projects/Fs_iterations/Fs_4M/Fs_4M.srcs/constrs_1/imports/sw/CmodA7_Master.xdc:30]
Resolution: If [get_<value>] was used to populate the object, check to make sure this command returns at least one valid object.
WARNING: [Vivado 12-584] No ports matched 'DAC_IO_2'. [/home/frankie/WCIS/FLASH-ADC-CHARACTERIZATION/vivado projects/Fs_iterations/Fs_4M/Fs_4M.srcs/constrs_1/imports/sw/CmodA7_Master.xdc:116]
CRITICAL WARNING: [Common 17-55] 'set_property' expects at least one object. [/home/frankie/WCIS/FLASH-ADC-CHARACTERIZATION/vivado projects/Fs_iterations/Fs_4M/Fs_4M.srcs/constrs_1/imports/sw/CmodA7_Master.xdc:116]
Resolution: If [get_<value>] was used to populate the object, check to make sure this command returns at least one valid object.
Finished Parsing XDC File [/home/frankie/WCIS/FLASH-ADC-CHARACTERIZATION/vivado projects/Fs_iterations/Fs_4M/Fs_4M.srcs/constrs_1/imports/sw/CmodA7_Master.xdc]
INFO: [Opt 31-138] Pushed 0 inverter(s) to 0 load pin(s).
Netlist sorting complete. Time (s): cpu = 00:00:00 ; elapsed = 00:00:00 . Memory (MB): peak = 2467.602 ; gain = 0.000 ; free physical = 871 ; free virtual = 5186
INFO: [Project 1-111] Unisim Transformation Summary:
No Unisim elements were transformed.

lscpu: bad usage
Try 'lscpu --help' for more information.
12 Infos, 5 Warnings, 3 Critical Warnings and 0 Errors encountered.
link_design completed successfully
INFO: [Common 17-600] The following parameters have non-default value.
tcl.statsThreshold
Command: opt_design
Attempting to get a license for feature 'Implementation' and/or device 'xc7a35t'
INFO: [Common 17-349] Got license for feature 'Implementation' and/or device 'xc7a35t'
Running DRC as a precondition to command opt_design

Starting DRC Task
INFO: [DRC 23-27] Running DRC with 8 threads
INFO: [Project 1-461] DRC finished with 0 Errors, 1 Warnings
INFO: [Project 1-462] Please refer to the DRC report (report_drc) for more information.

Time (s): cpu = 00:00:02 ; elapsed = 00:00:00.5 . Memory (MB): peak = 2481.367 ; gain = 13.730 ; free physical = 825 ; free virtual = 5139

Starting Cache Timing Information Task
INFO: [Timing 38-35] Done setting XDC timing constraints.
Ending Cache Timing Information Task | Checksum: 2666e35e3

Time (s): cpu = 00:00:00.09 ; elapsed = 00:00:00.05 . Memory (MB): peak = 2520.180 ; gain = 38.812 ; free physical = 825 ; free virtual = 5139

Starting Logic Optimization Task

Phase 1 Initialization

Phase 1.1 Core Generation And Design Setup
Phase 1.1 Core Generation And Design Setup | Checksum: 2666e35e3

Time (s): cpu = 00:00:00 ; elapsed = 00:00:00 . Memory (MB): peak = 2875.992 ; gain = 0.000 ; free physical = 469 ; free virtual = 4790

Phase 1.2 Setup Constraints And Sort Netlist
Phase 1.2 Setup Constraints And Sort Netlist | Checksum: 2666e35e3

Time (s): cpu = 00:00:00 ; elapsed = 00:00:00 . Memory (MB): peak = 2875.992 ; gain = 0.000 ; free physical = 469 ; free virtual = 4790
Phase 1 Initialization | Checksum: 2666e35e3

Time (s): cpu = 00:00:00 ; elapsed = 00:00:00.01 . Memory (MB): peak = 2875.992 ; gain = 0.000 ; free physical = 469 ; free virtual = 4790

Phase 2 Timer Update And Timing Data Collection

Phase 2.1 Detect if minReqCache needed
Phase 2.1 Detect if minReqCache needed | Checksum: 2666e35e3

Time (s): cpu = 00:00:00.01 ; elapsed = 00:00:00.01 . Memory (MB): peak = 2875.992 ; gain = 0.000 ; free physical = 469 ; free virtual = 4789

Phase 2.2 Timer Update
Phase 2.2 Timer Update | Checksum: 2666e35e3

Time (s): cpu = 00:00:00.06 ; elapsed = 00:00:00.03 . Memory (MB): peak = 2875.992 ; gain = 0.000 ; free physical = 476 ; free virtual = 4789

Phase 2.3 Timing Data Collection
Phase 2.3 Timing Data Collection | Checksum: 2666e35e3

Time (s): cpu = 00:00:00.07 ; elapsed = 00:00:00.03 . Memory (MB): peak = 2875.992 ; gain = 0.000 ; free physical = 476 ; free virtual = 4789
Phase 2 Timer Update And Timing Data Collection | Checksum: 2666e35e3

Time (s): cpu = 00:00:00.07 ; elapsed = 00:00:00.03 . Memory (MB): peak = 2875.992 ; gain = 0.000 ; free physical = 476 ; free virtual = 4789

Phase 3 Retarget
INFO: [Opt 31-1851] Number of loadless carry chains removed were: 0
INFO: [Opt 31-1834] Total Chains To Be Transformed Were: 0 AND Number of Transformed insts Created are: 0
INFO: [Opt 31-138] Pushed 0 inverter(s) to 0 load pin(s).
INFO: [Opt 31-49] Retargeted 0 cell(s).
Phase 3 Retarget | Checksum: 2eb3c8ae4

Time (s): cpu = 00:00:00.09 ; elapsed = 00:00:00.05 . Memory (MB): peak = 2875.992 ; gain = 0.000 ; free physical = 476 ; free virtual = 4789
Retarget | Checksum: 2eb3c8ae4
INFO: [Opt 31-389] Phase Retarget created 0 cells and removed 1 cells
INFO: [Opt 31-1021] In phase Retarget, 3 netlist objects are constrained preventing optimization. Please run opt_design with -debug_log to get more detail. 

Phase 4 Constant propagation
INFO: [Opt 31-138] Pushed 0 inverter(s) to 0 load pin(s).
Phase 4 Constant propagation | Checksum: 2eb3c8ae4

Time (s): cpu = 00:00:00.09 ; elapsed = 00:00:00.06 . Memory (MB): peak = 2875.992 ; gain = 0.000 ; free physical = 477 ; free virtual = 4790
Constant propagation | Checksum: 2eb3c8ae4
INFO: [Opt 31-389] Phase Constant propagation created 0 cells and removed 0 cells
INFO: [Opt 31-1021] In phase Constant propagation, 2 netlist objects are constrained preventing optimization. Please run opt_design with -debug_log to get more detail. 

Phase 5 Sweep
INFO: [Constraints 18-11670] Building netlist checker database with flags, 0x8
Done building netlist checker database: Time (s): cpu = 00:00:00 ; elapsed = 00:00:00 . Memory (MB): peak = 2875.992 ; gain = 0.000 ; free physical = 469 ; free virtual = 4790
INFO: [Constraints 18-11670] Building netlist checker database with flags, 0x8
Done building netlist checker database: Time (s): cpu = 00:00:00 ; elapsed = 00:00:00 . Memory (MB): peak = 2875.992 ; gain = 0.000 ; free physical = 469 ; free virtual = 4790
Phase 5 Sweep | Checksum: 2a28e6735

Time (s): cpu = 00:00:00.11 ; elapsed = 00:00:00.08 . Memory (MB): peak = 2875.992 ; gain = 0.000 ; free physical = 471 ; free virtual = 4792
Sweep | Checksum: 2a28e6735
INFO: [Opt 31-389] Phase Sweep created 0 cells and removed 1 cells
INFO: [Opt 31-1021] In phase Sweep, 10 netlist objects are constrained preventing optimization. Please run opt_design with -debug_log to get more detail. 

Phase 6 BUFG optimization
Phase 6 BUFG optimization | Checksum: 2a28e6735

Time (s): cpu = 00:00:00.13 ; elapsed = 00:00:00.09 . Memory (MB): peak = 2908.008 ; gain = 32.016 ; free physical = 471 ; free virtual = 4792
BUFG optimization | Checksum: 2a28e6735
INFO: [Opt 31-662] Phase BUFG optimization created 0 cells of which 0 are BUFGs and removed 0 cells.

Phase 7 Shift Register Optimization
INFO: [Opt 31-1064] SRL Remap converted 0 SRLs to 0 registers and converted 0 registers of register chains to 0 SRLs
Phase 7 Shift Register Optimization | Checksum: 274e1e033

Time (s): cpu = 00:00:00.13 ; elapsed = 00:00:00.09 . Memory (MB): peak = 2908.008 ; gain = 32.016 ; free physical = 471 ; free virtual = 4792
Shift Register Optimization | Checksum: 274e1e033
INFO: [Opt 31-389] Phase Shift Register Optimization created 1 cells and removed 0 cells

Phase 8 Post Processing Netlist
Phase 8 Post Processing Netlist | Checksum: 274e1e033

Time (s): cpu = 00:00:00.14 ; elapsed = 00:00:00.09 . Memory (MB): peak = 2908.008 ; gain = 32.016 ; free physical = 471 ; free virtual = 4792
Post Processing Netlist | Checksum: 274e1e033
INFO: [Opt 31-389] Phase Post Processing Netlist created 0 cells and removed 0 cells
INFO: [Opt 31-1021] In phase Post Processing Netlist, 2 netlist objects are constrained preventing optimization. Please run opt_design with -debug_log to get more detail. 

Phase 9 Finalization

Phase 9.1 Finalizing Design Cores and Updating Shapes
Phase 9.1 Finalizing Design Cores and Updating Shapes | Checksum: 1f1cd442a

Time (s): cpu = 00:00:00.15 ; elapsed = 00:00:00.11 . Memory (MB): peak = 2908.008 ; gain = 32.016 ; free physical = 471 ; free virtual = 4792

Phase 9.2 Verifying Netlist Connectivity

Starting Connectivity Check Task

Time (s): cpu = 00:00:00.01 ; elapsed = 00:00:00 . Memory (MB): peak = 2908.008 ; gain = 0.000 ; free physical = 471 ; free virtual = 4792
Phase 9.2 Verifying Netlist Connectivity | Checksum: 1f1cd442a

Time (s): cpu = 00:00:00.16 ; elapsed = 00:00:00.11 . Memory (MB): peak = 2908.008 ; gain = 32.016 ; free physical = 471 ; free virtual = 4792
Phase 9 Finalization | Checksum: 1f1cd442a

Time (s): cpu = 00:00:00.16 ; elapsed = 00:00:00.11 . Memory (MB): peak = 2908.008 ; gain = 32.016 ; free physical = 471 ; free virtual = 4792
Opt_design Change Summary
=========================


-------------------------------------------------------------------------------------------------------------------------
|  Phase                        |  #Cells created  |  #Cells Removed  |  #Constrained objects preventing optimizations  |
-------------------------------------------------------------------------------------------------------------------------
|  Retarget                     |               0  |               1  |                                              3  |
|  Constant propagation         |               0  |               0  |                                              2  |
|  Sweep                        |               0  |               1  |                                             10  |
|  BUFG optimization            |               0  |               0  |                                              0  |
|  Shift Register Optimization  |               1  |               0  |                                              0  |
|  Post Processing Netlist      |               0  |               0  |                                              2  |
-------------------------------------------------------------------------------------------------------------------------


Ending Logic Optimization Task | Checksum: 1f1cd442a

Time (s): cpu = 00:00:00.16 ; elapsed = 00:00:00.12 . Memory (MB): peak = 2908.008 ; gain = 32.016 ; free physical = 471 ; free virtual = 4792

Starting Power Optimization Task
INFO: [Pwropt 34-132] Skipping clock gating for clocks with a period < 2.00 ns.
INFO: [Timing 38-35] Done setting XDC timing constraints.
Running Vector-less Activity Propagation...

Finished Running Vector-less Activity Propagation
INFO: [Pwropt 34-9] Applying IDT optimizations ...
INFO: [Pwropt 34-10] Applying ODC optimizations ...


Starting PowerOpt Patch Enables Task
INFO: [Pwropt 34-162] WRITE_MODE attribute of 16 BRAM(s) out of a total of 32 has been updated to save power. Run report_power_opt to get a complete listing of the BRAMs updated.
INFO: [Pwropt 34-201] Structural ODC has moved 0 WE to EN ports
Number of BRAM Ports augmented: 48 newly gated: 0 Total Ports: 64
Number of Flops added for Enable Generation: 2

Ending PowerOpt Patch Enables Task | Checksum: 2f44beedf

Time (s): cpu = 00:00:00.11 ; elapsed = 00:00:00.11 . Memory (MB): peak = 3076.059 ; gain = 0.000 ; free physical = 397 ; free virtual = 4727
Ending Power Optimization Task | Checksum: 2f44beedf

Time (s): cpu = 00:00:02 ; elapsed = 00:00:02 . Memory (MB): peak = 3076.059 ; gain = 168.051 ; free physical = 405 ; free virtual = 4727

Starting Final Cleanup Task

Starting Logic Optimization Task
INFO: [Timing 38-35] Done setting XDC timing constraints.
Ending Logic Optimization Task | Checksum: 1e950d2a8

Time (s): cpu = 00:00:00.19 ; elapsed = 00:00:00.11 . Memory (MB): peak = 3076.059 ; gain = 0.000 ; free physical = 411 ; free virtual = 4732
Ending Final Cleanup Task | Checksum: 1e950d2a8

Time (s): cpu = 00:00:02 ; elapsed = 00:00:02 . Memory (MB): peak = 3076.059 ; gain = 0.000 ; free physical = 410 ; free virtual = 4732
Netlist sorting complete. Time (s): cpu = 00:00:00 ; elapsed = 00:00:00 . Memory (MB): peak = 3076.059 ; gain = 0.000 ; free physical = 410 ; free virtual = 4732
INFO: [Common 17-83] Releasing license: Implementation
44 Infos, 5 Warnings, 3 Critical Warnings and 0 Errors encountered.
opt_design completed successfully
INFO: [Common 17-600] The following parameters have non-default value.
tcl.statsThreshold
INFO: [Vivado 12-24828] Executing command : report_drc -file top_v3_drc_opted.rpt -pb top_v3_drc_opted.pb -rpx top_v3_drc_opted.rpx
Command: report_drc -file top_v3_drc_opted.rpt -pb top_v3_drc_opted.pb -rpx top_v3_drc_opted.rpx
INFO: [IP_Flow 19-1839] IP Catalog is up to date.
INFO: [DRC 23-27] Running DRC with 8 threads
INFO: [Vivado_Tcl 2-168] The results of DRC are in file /home/frankie/WCIS/FLASH-ADC-CHARACTERIZATION/vivado projects/Fs_iterations/Fs_4M/Fs_4M.runs/impl_1/top_v3_drc_opted.rpt.
report_drc completed successfully
INFO: [Timing 38-480] Writing timing data to binary archive.
Wrote PlaceDB: Time (s): cpu = 00:00:00 ; elapsed = 00:00:00 . Memory (MB): peak = 3076.059 ; gain = 0.000 ; free physical = 414 ; free virtual = 4728
Wrote PulsedLatchDB: Time (s): cpu = 00:00:00 ; elapsed = 00:00:00 . Memory (MB): peak = 3076.059 ; gain = 0.000 ; free physical = 414 ; free virtual = 4728
Writing XDEF routing.
Write ShapeDB Complete: Time (s): cpu = 00:00:00 ; elapsed = 00:00:00.01 . Memory (MB): peak = 3076.059 ; gain = 0.000 ; free physical = 414 ; free virtual = 4728
Writing XDEF routing logical nets.
Writing XDEF routing special nets.
Wrote RouteStorage: Time (s): cpu = 00:00:00.06 ; elapsed = 00:00:00.01 . Memory (MB): peak = 3076.059 ; gain = 0.000 ; free physical = 410 ; free virtual = 4732
Wrote PlaceStorage: Time (s): cpu = 00:00:00.01 ; elapsed = 00:00:00.01 . Memory (MB): peak = 3076.059 ; gain = 0.000 ; free physical = 410 ; free virtual = 4732
Wrote Netlist Cache: Time (s): cpu = 00:00:00 ; elapsed = 00:00:00 . Memory (MB): peak = 3076.059 ; gain = 0.000 ; free physical = 410 ; free virtual = 4732
Wrote Device Cache: Time (s): cpu = 00:00:00.02 ; elapsed = 00:00:00 . Memory (MB): peak = 3076.059 ; gain = 0.000 ; free physical = 410 ; free virtual = 4732
Write Physdb Complete: Time (s): cpu = 00:00:00.09 ; elapsed = 00:00:00.02 . Memory (MB): peak = 3076.059 ; gain = 0.000 ; free physical = 410 ; free virtual = 4732
INFO: [Common 17-1381] The checkpoint '/home/frankie/WCIS/FLASH-ADC-CHARACTERIZATION/vivado projects/Fs_iterations/Fs_4M/Fs_4M.runs/impl_1/top_v3_opt.dcp' has been generated.
Command: place_design
Attempting to get a license for feature 'Implementation' and/or device 'xc7a35t'
INFO: [Common 17-349] Got license for feature 'Implementation' and/or device 'xc7a35t'
INFO: [Common 17-83] Releasing license: Implementation
INFO: [DRC 23-27] Running DRC with 8 threads
INFO: [Vivado_Tcl 4-198] DRC finished with 0 Errors
INFO: [Vivado_Tcl 4-199] Please refer to the DRC report (report_drc) for more information.
INFO: [Timing 38-35] Done setting XDC timing constraints.
Running DRC as a precondition to command place_design
INFO: [DRC 23-27] Running DRC with 8 threads
INFO: [Vivado_Tcl 4-198] DRC finished with 0 Errors, 22 Warnings
INFO: [Vivado_Tcl 4-199] Please refer to the DRC report (report_drc) for more information.
INFO: [Place 30-611] Multithreading enabled for place_design using a maximum of 8 CPUs

Starting Placer Task

Phase 1 Placer Initialization

Phase 1.1 Placer Initialization Netlist Sorting
Netlist sorting complete. Time (s): cpu = 00:00:00 ; elapsed = 00:00:00 . Memory (MB): peak = 3076.059 ; gain = 0.000 ; free physical = 420 ; free virtual = 4743
Phase 1.1 Placer Initialization Netlist Sorting | Checksum: 1ce1f3628

Time (s): cpu = 00:00:00 ; elapsed = 00:00:00 . Memory (MB): peak = 3076.059 ; gain = 0.000 ; free physical = 420 ; free virtual = 4743
Netlist sorting complete. Time (s): cpu = 00:00:00 ; elapsed = 00:00:00 . Memory (MB): peak = 3076.059 ; gain = 0.000 ; free physical = 420 ; free virtual = 4743

Phase 1.2 IO Placement/ Clock Placement/ Build Placer Device
Phase 1.2 IO Placement/ Clock Placement/ Build Placer Device | Checksum: 1f3ec0095

Time (s): cpu = 00:00:00.49 ; elapsed = 00:00:00.13 . Memory (MB): peak = 3076.059 ; gain = 0.000 ; free physical = 417 ; free virtual = 4740

Phase 1.3 Build Placer Netlist Model
Phase 1.3 Build Placer Netlist Model | Checksum: 25e342850

Time (s): cpu = 00:00:01 ; elapsed = 00:00:00.4 . Memory (MB): peak = 3076.059 ; gain = 0.000 ; free physical = 418 ; free virtual = 4740

Phase 1.4 Constrain Clocks/Macros
Phase 1.4 Constrain Clocks/Macros | Checksum: 25e342850

Time (s): cpu = 00:00:01 ; elapsed = 00:00:00.4 . Memory (MB): peak = 3076.059 ; gain = 0.000 ; free physical = 418 ; free virtual = 4740
Phase 1 Placer Initialization | Checksum: 25e342850

Time (s): cpu = 00:00:01 ; elapsed = 00:00:00.41 . Memory (MB): peak = 3076.059 ; gain = 0.000 ; free physical = 418 ; free virtual = 4740

Phase 2 Global Placement

Phase 2.1 Floorplanning
Phase 2.1 Floorplanning | Checksum: 2649fa9d2

Time (s): cpu = 00:00:03 ; elapsed = 00:00:00.71 . Memory (MB): peak = 3076.059 ; gain = 0.000 ; free physical = 414 ; free virtual = 4736

Phase 2.2 Update Timing before SLR Path Opt
Phase 2.2 Update Timing before SLR Path Opt | Checksum: 2a3cf5f7a

Time (s): cpu = 00:00:03 ; elapsed = 00:00:00.89 . Memory (MB): peak = 3076.059 ; gain = 0.000 ; free physical = 426 ; free virtual = 4748

Phase 2.3 Post-Processing in Floorplanning
Phase 2.3 Post-Processing in Floorplanning | Checksum: 2a3cf5f7a

Time (s): cpu = 00:00:03 ; elapsed = 00:00:00.89 . Memory (MB): peak = 3076.059 ; gain = 0.000 ; free physical = 426 ; free virtual = 4748

Phase 2.4 Global Place Phase1
Phase 2.4 Global Place Phase1 | Checksum: 20d7f9a73

Time (s): cpu = 00:00:17 ; elapsed = 00:00:04 . Memory (MB): peak = 3076.059 ; gain = 0.000 ; free physical = 420 ; free virtual = 4735

Phase 2.5 Global Place Phase2

Phase 2.5.1 UpdateTiming Before Physical Synthesis
Phase 2.5.1 UpdateTiming Before Physical Synthesis | Checksum: 20d7f9a73

Time (s): cpu = 00:00:17 ; elapsed = 00:00:04 . Memory (MB): peak = 3076.059 ; gain = 0.000 ; free physical = 409 ; free virtual = 4732

Phase 2.5.2 Physical Synthesis In Placer
INFO: [Physopt 32-1035] Found 0 LUTNM shape to break, 72 LUT instances to create LUTNM shape
INFO: [Physopt 32-1044] Break lutnm for timing: one critical 0, two critical 0, total 0, new lutff created 0
INFO: [Physopt 32-1138] End 1 Pass. Optimized 32 nets or LUTs. Breaked 0 LUT, combined 32 existing LUTs and moved 0 existing LUT
INFO: [Physopt 32-65] No nets found for high-fanout optimization.
INFO: [Physopt 32-232] Optimized 0 net. Created 0 new instance.
INFO: [Physopt 32-775] End 1 Pass. Optimized 0 net or cell. Created 0 new cell, deleted 0 existing cell and moved 0 existing cell
INFO: [Physopt 32-670] No setup violation found.  DSP Register Optimization was not performed.
INFO: [Physopt 32-670] No setup violation found.  Shift Register to Pipeline Optimization was not performed.
INFO: [Physopt 32-670] No setup violation found.  Shift Register Optimization was not performed.
INFO: [Physopt 32-670] No setup violation found.  BRAM Register Optimization was not performed.
INFO: [Physopt 32-670] No setup violation found.  URAM Register Optimization was not performed.
INFO: [Physopt 32-949] No candidate nets found for dynamic/static region interface net replication
INFO: [Physopt 32-775] End 1 Pass. Optimized 0 net or cell. Created 0 new cell, deleted 0 existing cell and moved 0 existing cell
Netlist sorting complete. Time (s): cpu = 00:00:00.01 ; elapsed = 00:00:00 . Memory (MB): peak = 3076.059 ; gain = 0.000 ; free physical = 405 ; free virtual = 4727

Summary of Physical Synthesis Optimizations
============================================


-----------------------------------------------------------------------------------------------------------------------------------------------------------
|  Optimization                                     |  Added Cells  |  Removed Cells  |  Optimized Cells/Nets  |  Dont Touch  |  Iterations  |  Elapsed   |
-----------------------------------------------------------------------------------------------------------------------------------------------------------
|  LUT Combining                                    |            0  |             32  |                    32  |           0  |           1  |  00:00:00  |
|  Retime                                           |            0  |              0  |                     0  |           0  |           1  |  00:00:00  |
|  Very High Fanout                                 |            0  |              0  |                     0  |           0  |           1  |  00:00:00  |
|  DSP Register                                     |            0  |              0  |                     0  |           0  |           0  |  00:00:00  |
|  Shift Register to Pipeline                       |            0  |              0  |                     0  |           0  |           0  |  00:00:00  |
|  Shift Register                                   |            0  |              0  |                     0  |           0  |           0  |  00:00:00  |
|  BRAM Register                                    |            0  |              0  |                     0  |           0  |           0  |  00:00:00  |
|  URAM Register                                    |            0  |              0  |                     0  |           0  |           0  |  00:00:00  |
|  Dynamic/Static Region Interface Net Replication  |            0  |              0  |                     0  |           0  |           1  |  00:00:00  |
|  Total                                            |            0  |             32  |                    32  |           0  |           4  |  00:00:00  |
-----------------------------------------------------------------------------------------------------------------------------------------------------------


Phase 2.5.2 Physical Synthesis In Placer | Checksum: 1babcd9b6

Time (s): cpu = 00:00:18 ; elapsed = 00:00:04 . Memory (MB): peak = 3076.059 ; gain = 0.000 ; free physical = 405 ; free virtual = 4727
Phase 2.5 Global Place Phase2 | Checksum: 2cf747792

Time (s): cpu = 00:00:22 ; elapsed = 00:00:05 . Memory (MB): peak = 3076.059 ; gain = 0.000 ; free physical = 393 ; free virtual = 4723
Phase 2 Global Placement | Checksum: 2cf747792

Time (s): cpu = 00:00:22 ; elapsed = 00:00:05 . Memory (MB): peak = 3076.059 ; gain = 0.000 ; free physical = 393 ; free virtual = 4723

Phase 3 Detail Placement

Phase 3.1 Commit Multi Column Macros
Phase 3.1 Commit Multi Column Macros | Checksum: 2ba721ca3

Time (s): cpu = 00:00:22 ; elapsed = 00:00:05 . Memory (MB): peak = 3076.059 ; gain = 0.000 ; free physical = 408 ; free virtual = 4730

Phase 3.2 Commit Most Macros & LUTRAMs
Phase 3.2 Commit Most Macros & LUTRAMs | Checksum: 1c00a0368

Time (s): cpu = 00:00:23 ; elapsed = 00:00:05 . Memory (MB): peak = 3076.059 ; gain = 0.000 ; free physical = 406 ; free virtual = 4728

Phase 3.3 Area Swap Optimization
Phase 3.3 Area Swap Optimization | Checksum: 2249706e9

Time (s): cpu = 00:00:23 ; elapsed = 00:00:05 . Memory (MB): peak = 3076.059 ; gain = 0.000 ; free physical = 406 ; free virtual = 4728

Phase 3.4 Pipeline Register Optimization
Phase 3.4 Pipeline Register Optimization | Checksum: 1f887c6a7

Time (s): cpu = 00:00:23 ; elapsed = 00:00:05 . Memory (MB): peak = 3076.059 ; gain = 0.000 ; free physical = 406 ; free virtual = 4728

Phase 3.5 Small Shape Detail Placement
Phase 3.5 Small Shape Detail Placement | Checksum: 29a5bbbb1

Time (s): cpu = 00:00:24 ; elapsed = 00:00:06 . Memory (MB): peak = 3076.059 ; gain = 0.000 ; free physical = 394 ; free virtual = 4724

Phase 3.6 Re-assign LUT pins
Phase 3.6 Re-assign LUT pins | Checksum: 27a69c96e

Time (s): cpu = 00:00:24 ; elapsed = 00:00:06 . Memory (MB): peak = 3076.059 ; gain = 0.000 ; free physical = 394 ; free virtual = 4724

Phase 3.7 Pipeline Register Optimization
Phase 3.7 Pipeline Register Optimization | Checksum: 24e51082c

Time (s): cpu = 00:00:24 ; elapsed = 00:00:06 . Memory (MB): peak = 3076.059 ; gain = 0.000 ; free physical = 402 ; free virtual = 4724
Phase 3 Detail Placement | Checksum: 24e51082c

Time (s): cpu = 00:00:24 ; elapsed = 00:00:06 . Memory (MB): peak = 3076.059 ; gain = 0.000 ; free physical = 395 ; free virtual = 4725

Phase 4 Post Placement Optimization and Clean-Up

Phase 4.1 Post Commit Optimization
INFO: [Timing 38-35] Done setting XDC timing constraints.

Phase 4.1.1 Post Placement Optimization
Post Placement Optimization Initialization | Checksum: 237465124

Phase 4.1.1.1 BUFG Insertion

Starting Physical Synthesis Task

Phase 1 Physical Synthesis Initialization
INFO: [Physopt 32-721] Multithreading enabled for phys_opt_design using a maximum of 8 CPUs
INFO: [Physopt 32-619] Estimated Timing Summary | WNS=8.323 | TNS=0.000 |
Phase 1 Physical Synthesis Initialization | Checksum: 10ffafed6

Time (s): cpu = 00:00:00.12 ; elapsed = 00:00:00.02 . Memory (MB): peak = 3076.059 ; gain = 0.000 ; free physical = 399 ; free virtual = 4729
INFO: [Place 46-56] BUFG insertion identified 0 candidate nets. Inserted BUFG: 0, Replicated BUFG Driver: 0, Skipped due to Placement/Routing Conflicts: 0, Skipped due to Timing Degradation: 0, Skipped due to netlist editing failed: 0.
Ending Physical Synthesis Task | Checksum: 1b514f51f

Time (s): cpu = 00:00:00.12 ; elapsed = 00:00:00.02 . Memory (MB): peak = 3076.059 ; gain = 0.000 ; free physical = 399 ; free virtual = 4729
Phase 4.1.1.1 BUFG Insertion | Checksum: 237465124

Time (s): cpu = 00:00:25 ; elapsed = 00:00:06 . Memory (MB): peak = 3076.059 ; gain = 0.000 ; free physical = 399 ; free virtual = 4729

Phase 4.1.1.2 Post Placement Timing Optimization
INFO: [Place 30-746] Post Placement Timing Summary WNS=8.323. For the most accurate timing information please run report_timing.
Phase 4.1.1.2 Post Placement Timing Optimization | Checksum: 1a7799cdd

Time (s): cpu = 00:00:25 ; elapsed = 00:00:06 . Memory (MB): peak = 3076.059 ; gain = 0.000 ; free physical = 399 ; free virtual = 4729

Time (s): cpu = 00:00:25 ; elapsed = 00:00:06 . Memory (MB): peak = 3076.059 ; gain = 0.000 ; free physical = 399 ; free virtual = 4729
Phase 4.1 Post Commit Optimization | Checksum: 1a7799cdd

Time (s): cpu = 00:00:25 ; elapsed = 00:00:06 . Memory (MB): peak = 3076.059 ; gain = 0.000 ; free physical = 399 ; free virtual = 4729

Phase 4.2 Post Placement Cleanup
Phase 4.2 Post Placement Cleanup | Checksum: 1a7799cdd

Time (s): cpu = 00:00:25 ; elapsed = 00:00:06 . Memory (MB): peak = 3076.059 ; gain = 0.000 ; free physical = 405 ; free virtual = 4727

Phase 4.3 Placer Reporting

Phase 4.3.1 Print Estimated Congestion
INFO: [Place 30-612] Post-Placement Estimated Congestion 
 ____________________________________________________
|           | Global Congestion | Short Congestion  |
| Direction | Region Size       | Region Size       |
|___________|___________________|___________________|
|      North|                1x1|                1x1|
|___________|___________________|___________________|
|      South|                1x1|                1x1|
|___________|___________________|___________________|
|       East|                1x1|                1x1|
|___________|___________________|___________________|
|       West|                1x1|                1x1|
|___________|___________________|___________________|

Phase 4.3.1 Print Estimated Congestion | Checksum: 1a7799cdd

Time (s): cpu = 00:00:25 ; elapsed = 00:00:06 . Memory (MB): peak = 3076.059 ; gain = 0.000 ; free physical = 405 ; free virtual = 4727
Phase 4.3 Placer Reporting | Checksum: 1a7799cdd

Time (s): cpu = 00:00:25 ; elapsed = 00:00:06 . Memory (MB): peak = 3076.059 ; gain = 0.000 ; free physical = 405 ; free virtual = 4727

Phase 4.4 Final Placement Cleanup
Netlist sorting complete. Time (s): cpu = 00:00:00 ; elapsed = 00:00:00 . Memory (MB): peak = 3076.059 ; gain = 0.000 ; free physical = 405 ; free virtual = 4727

Time (s): cpu = 00:00:25 ; elapsed = 00:00:06 . Memory (MB): peak = 3076.059 ; gain = 0.000 ; free physical = 405 ; free virtual = 4727
Phase 4 Post Placement Optimization and Clean-Up | Checksum: 1aa3180c9

Time (s): cpu = 00:00:25 ; elapsed = 00:00:06 . Memory (MB): peak = 3076.059 ; gain = 0.000 ; free physical = 405 ; free virtual = 4727
Ending Placer Task | Checksum: 19c9b3c8b

Time (s): cpu = 00:00:25 ; elapsed = 00:00:06 . Memory (MB): peak = 3076.059 ; gain = 0.000 ; free physical = 405 ; free virtual = 4727
80 Infos, 5 Warnings, 3 Critical Warnings and 0 Errors encountered.
place_design completed successfully
INFO: [Common 17-600] The following parameters have non-default value.
tcl.statsThreshold
INFO: [Vivado 12-24838] Running report commands "report_control_sets, report_io, report_utilization" in parallel.
Running report generation with 3 threads.
INFO: [Vivado 12-24828] Executing command : report_control_sets -verbose -file top_v3_control_sets_placed.rpt
report_control_sets: Time (s): cpu = 00:00:00.06 ; elapsed = 00:00:00.07 . Memory (MB): peak = 3076.059 ; gain = 0.000 ; free physical = 404 ; free virtual = 4726
INFO: [Vivado 12-24828] Executing command : report_utilization -file top_v3_utilization_placed.rpt -pb top_v3_utilization_placed.pb
INFO: [Vivado 12-24828] Executing command : report_io -file top_v3_io_placed.rpt
report_io: Time (s): cpu = 00:00:00.12 ; elapsed = 00:00:00.17 . Memory (MB): peak = 3076.059 ; gain = 0.000 ; free physical = 413 ; free virtual = 4727
INFO: [Timing 38-480] Writing timing data to binary archive.
Wrote PlaceDB: Time (s): cpu = 00:00:00.01 ; elapsed = 00:00:00 . Memory (MB): peak = 3076.059 ; gain = 0.000 ; free physical = 413 ; free virtual = 4735
Wrote PulsedLatchDB: Time (s): cpu = 00:00:00 ; elapsed = 00:00:00 . Memory (MB): peak = 3076.059 ; gain = 0.000 ; free physical = 413 ; free virtual = 4735
Writing XDEF routing.
Write ShapeDB Complete: Time (s): cpu = 00:00:00.01 ; elapsed = 00:00:00 . Memory (MB): peak = 3076.059 ; gain = 0.000 ; free physical = 413 ; free virtual = 4735
Writing XDEF routing logical nets.
Writing XDEF routing special nets.
Wrote RouteStorage: Time (s): cpu = 00:00:00.06 ; elapsed = 00:00:00.02 . Memory (MB): peak = 3076.059 ; gain = 0.000 ; free physical = 412 ; free virtual = 4735
Wrote PlaceStorage: Time (s): cpu = 00:00:00.14 ; elapsed = 00:00:00.04 . Memory (MB): peak = 3076.059 ; gain = 0.000 ; free physical = 412 ; free virtual = 4736
Wrote Netlist Cache: Time (s): cpu = 00:00:00 ; elapsed = 00:00:00 . Memory (MB): peak = 3076.059 ; gain = 0.000 ; free physical = 412 ; free virtual = 4736
Wrote Device Cache: Time (s): cpu = 00:00:00.01 ; elapsed = 00:00:00.01 . Memory (MB): peak = 3076.059 ; gain = 0.000 ; free physical = 411 ; free virtual = 4735
Write Physdb Complete: Time (s): cpu = 00:00:00.22 ; elapsed = 00:00:00.07 . Memory (MB): peak = 3076.059 ; gain = 0.000 ; free physical = 417 ; free virtual = 4742
INFO: [Common 17-1381] The checkpoint '/home/frankie/WCIS/FLASH-ADC-CHARACTERIZATION/vivado projects/Fs_iterations/Fs_4M/Fs_4M.runs/impl_1/top_v3_placed.dcp' has been generated.
Command: phys_opt_design
Attempting to get a license for feature 'Implementation' and/or device 'xc7a35t'
INFO: [Common 17-349] Got license for feature 'Implementation' and/or device 'xc7a35t'

Starting Initial Update Timing Task

Time (s): cpu = 00:00:00.38 ; elapsed = 00:00:00.13 . Memory (MB): peak = 3076.059 ; gain = 0.000 ; free physical = 404 ; free virtual = 4735
INFO: [Vivado_Tcl 4-2279] Estimated Timing Summary | WNS= 8.323 | TNS= 0.000 | 
INFO: [Vivado_Tcl 4-383] Design worst setup slack (WNS) is greater than or equal to 0.000 ns. All physical synthesis setup optimizations will be skipped.
INFO: [Vivado_Tcl 4-232] No setup violation found. The netlist was not modified.
INFO: [Common 17-83] Releasing license: Implementation
92 Infos, 5 Warnings, 3 Critical Warnings and 0 Errors encountered.
phys_opt_design completed successfully
INFO: [Common 17-600] The following parameters have non-default value.
tcl.statsThreshold
INFO: [Timing 38-480] Writing timing data to binary archive.
Wrote PlaceDB: Time (s): cpu = 00:00:00 ; elapsed = 00:00:00 . Memory (MB): peak = 3076.059 ; gain = 0.000 ; free physical = 404 ; free virtual = 4735
Wrote PulsedLatchDB: Time (s): cpu = 00:00:00 ; elapsed = 00:00:00 . Memory (MB): peak = 3076.059 ; gain = 0.000 ; free physical = 404 ; free virtual = 4735
Writing XDEF routing.
Write ShapeDB Complete: Time (s): cpu = 00:00:00.01 ; elapsed = 00:00:00.01 . Memory (MB): peak = 3076.059 ; gain = 0.000 ; free physical = 404 ; free virtual = 4735
Writing XDEF routing logical nets.
Writing XDEF routing special nets.
Wrote RouteStorage: Time (s): cpu = 00:00:00.06 ; elapsed = 00:00:00.01 . Memory (MB): peak = 3076.059 ; gain = 0.000 ; free physical = 403 ; free virtual = 4734
Wrote PlaceStorage: Time (s): cpu = 00:00:00.18 ; elapsed = 00:00:00.05 . Memory (MB): peak = 3076.059 ; gain = 0.000 ; free physical = 399 ; free virtual = 4733
Wrote Netlist Cache: Time (s): cpu = 00:00:00 ; elapsed = 00:00:00 . Memory (MB): peak = 3076.059 ; gain = 0.000 ; free physical = 399 ; free virtual = 4733
Wrote Device Cache: Time (s): cpu = 00:00:00.02 ; elapsed = 00:00:00 . Memory (MB): peak = 3076.059 ; gain = 0.000 ; free physical = 399 ; free virtual = 4733
Write Physdb Complete: Time (s): cpu = 00:00:00.26 ; elapsed = 00:00:00.07 . Memory (MB): peak = 3076.059 ; gain = 0.000 ; free physical = 399 ; free virtual = 4733
INFO: [Common 17-1381] The checkpoint '/home/frankie/WCIS/FLASH-ADC-CHARACTERIZATION/vivado projects/Fs_iterations/Fs_4M/Fs_4M.runs/impl_1/top_v3_physopt.dcp' has been generated.
Command: route_design
Attempting to get a license for feature 'Implementation' and/or device 'xc7a35t'
INFO: [Common 17-349] Got license for feature 'Implementation' and/or device 'xc7a35t'


Starting Routing Task
INFO: [Route 35-254] Multithreading enabled for route_design using a maximum of 8 CPUs

Phase 1 Build RT Design
Checksum: PlaceDB: a1fb9277 ConstDB: 0 ShapeSum: 5a1e4dbd RouteDB: a0815c57
Post Restoration Checksum: NetGraph: 929c9491 | NumContArr: 46e45cab | Constraints: c2a8fa9d | Timing: c2a8fa9d
Phase 1 Build RT Design | Checksum: 25ed2e676

Time (s): cpu = 00:00:15 ; elapsed = 00:00:13 . Memory (MB): peak = 3076.059 ; gain = 0.000 ; free physical = 424 ; free virtual = 4740

Phase 2 Router Initialization

Phase 2.1 Fix Topology Constraints
Phase 2.1 Fix Topology Constraints | Checksum: 25ed2e676

Time (s): cpu = 00:00:15 ; elapsed = 00:00:13 . Memory (MB): peak = 3076.059 ; gain = 0.000 ; free physical = 424 ; free virtual = 4740

Phase 2.2 Pre Route Cleanup
Phase 2.2 Pre Route Cleanup | Checksum: 25ed2e676

Time (s): cpu = 00:00:15 ; elapsed = 00:00:13 . Memory (MB): peak = 3076.059 ; gain = 0.000 ; free physical = 424 ; free virtual = 4740
 Number of Nodes with overlaps = 0

Phase 2.3 Update Timing
Phase 2.3 Update Timing | Checksum: 23a774f8a

Time (s): cpu = 00:00:16 ; elapsed = 00:00:14 . Memory (MB): peak = 3076.059 ; gain = 0.000 ; free physical = 416 ; free virtual = 4740
INFO: [Route 35-416] Intermediate Timing Summary | WNS=8.315  | TNS=0.000  | WHS=-0.283 | THS=-20.011|


Phase 2.4 Soft Constraint Pins - Fast Budgeting
Phase 2.4 Soft Constraint Pins - Fast Budgeting | Checksum: 2aacb1485

Time (s): cpu = 00:00:16 ; elapsed = 00:00:14 . Memory (MB): peak = 3076.059 ; gain = 0.000 ; free physical = 426 ; free virtual = 4742

Router Utilization Summary
  Global Vertical Routing Utilization    = 0.000398629 %
  Global Horizontal Routing Utilization  = 0.000520562 %
  Routable Net Status*
  *Does not include unroutable nets such as driverless and loadless.
  Run report_route_status for detailed report.
  Number of Failed Nets               = 600
    (Failed Nets is the sum of unrouted and partially routed nets)
  Number of Unrouted Nets             = 600
  Number of Partially Routed Nets     = 0
  Number of Node Overlaps             = 0

Phase 2 Router Initialization | Checksum: 25c0b1b58

Time (s): cpu = 00:00:17 ; elapsed = 00:00:14 . Memory (MB): peak = 3076.059 ; gain = 0.000 ; free physical = 425 ; free virtual = 4740

Phase 3 Global Routing
Phase 3 Global Routing | Checksum: 25c0b1b58

Time (s): cpu = 00:00:17 ; elapsed = 00:00:14 . Memory (MB): peak = 3076.059 ; gain = 0.000 ; free physical = 425 ; free virtual = 4740

Phase 4 Initial Routing

Phase 4.1 Initial Net Routing Pass
Phase 4.1 Initial Net Routing Pass | Checksum: 21346516d

Time (s): cpu = 00:00:18 ; elapsed = 00:00:14 . Memory (MB): peak = 3076.059 ; gain = 0.000 ; free physical = 415 ; free virtual = 4733
Phase 4 Initial Routing | Checksum: 21346516d

Time (s): cpu = 00:00:18 ; elapsed = 00:00:14 . Memory (MB): peak = 3076.059 ; gain = 0.000 ; free physical = 415 ; free virtual = 4733

Phase 5 Rip-up And Reroute

Phase 5.1 Global Iteration 0
 Number of Nodes with overlaps = 27
 Number of Nodes with overlaps = 0
INFO: [Route 35-416] Intermediate Timing Summary | WNS=6.435  | TNS=0.000  | WHS=N/A    | THS=N/A    |

Phase 5.1 Global Iteration 0 | Checksum: 2480474ba

Time (s): cpu = 00:00:19 ; elapsed = 00:00:15 . Memory (MB): peak = 3076.059 ; gain = 0.000 ; free physical = 414 ; free virtual = 4739

Phase 5.2 Global Iteration 1
 Number of Nodes with overlaps = 2
 Number of Nodes with overlaps = 0
INFO: [Route 35-416] Intermediate Timing Summary | WNS=6.435  | TNS=0.000  | WHS=N/A    | THS=N/A    |

Phase 5.2 Global Iteration 1 | Checksum: 26698b21c

Time (s): cpu = 00:00:19 ; elapsed = 00:00:15 . Memory (MB): peak = 3076.059 ; gain = 0.000 ; free physical = 418 ; free virtual = 4735

Phase 5.3 Global Iteration 2
 Number of Nodes with overlaps = 1
 Number of Nodes with overlaps = 0
INFO: [Route 35-416] Intermediate Timing Summary | WNS=6.435  | TNS=0.000  | WHS=N/A    | THS=N/A    |

Phase 5.3 Global Iteration 2 | Checksum: 1a8126867

Time (s): cpu = 00:00:19 ; elapsed = 00:00:15 . Memory (MB): peak = 3076.059 ; gain = 0.000 ; free physical = 408 ; free virtual = 4733
Phase 5 Rip-up And Reroute | Checksum: 1a8126867

Time (s): cpu = 00:00:19 ; elapsed = 00:00:15 . Memory (MB): peak = 3076.059 ; gain = 0.000 ; free physical = 408 ; free virtual = 4733

Phase 6 Delay and Skew Optimization

Phase 6.1 Delay CleanUp
Phase 6.1 Delay CleanUp | Checksum: 1a8126867

Time (s): cpu = 00:00:19 ; elapsed = 00:00:15 . Memory (MB): peak = 3076.059 ; gain = 0.000 ; free physical = 408 ; free virtual = 4733

Phase 6.2 Clock Skew Optimization
Phase 6.2 Clock Skew Optimization | Checksum: 1a8126867

Time (s): cpu = 00:00:19 ; elapsed = 00:00:15 . Memory (MB): peak = 3076.059 ; gain = 0.000 ; free physical = 408 ; free virtual = 4733
Phase 6 Delay and Skew Optimization | Checksum: 1a8126867

Time (s): cpu = 00:00:19 ; elapsed = 00:00:15 . Memory (MB): peak = 3076.059 ; gain = 0.000 ; free physical = 408 ; free virtual = 4733

Phase 7 Post Hold Fix

Phase 7.1 Hold Fix Iter
INFO: [Route 35-416] Intermediate Timing Summary | WNS=6.442  | TNS=0.000  | WHS=-0.829 | THS=-0.829 |

Phase 7.1 Hold Fix Iter | Checksum: 270ea2302

Time (s): cpu = 00:00:19 ; elapsed = 00:00:15 . Memory (MB): peak = 3076.059 ; gain = 0.000 ; free physical = 412 ; free virtual = 4729

Phase 7.2 Non Free Resource Hold Fix Iter
Phase 7.2 Non Free Resource Hold Fix Iter | Checksum: 201117d52

Time (s): cpu = 00:00:19 ; elapsed = 00:00:15 . Memory (MB): peak = 3076.059 ; gain = 0.000 ; free physical = 412 ; free virtual = 4729
Phase 7 Post Hold Fix | Checksum: 201117d52

Time (s): cpu = 00:00:19 ; elapsed = 00:00:15 . Memory (MB): peak = 3076.059 ; gain = 0.000 ; free physical = 412 ; free virtual = 4729

Phase 8 Route finalize

Router Utilization Summary
  Global Vertical Routing Utilization    = 0.339313 %
  Global Horizontal Routing Utilization  = 0.343571 %
  Routable Net Status*
  *Does not include unroutable nets such as driverless and loadless.
  Run report_route_status for detailed report.
  Number of Failed Nets               = 0
    (Failed Nets is the sum of unrouted and partially routed nets)
  Number of Unrouted Nets             = 0
  Number of Partially Routed Nets     = 0
  Number of Node Overlaps             = 0

Phase 8 Route finalize | Checksum: 201117d52

Time (s): cpu = 00:00:20 ; elapsed = 00:00:15 . Memory (MB): peak = 3076.059 ; gain = 0.000 ; free physical = 412 ; free virtual = 4729

Phase 9 Verifying routed nets

 Verification completed successfully
Phase 9 Verifying routed nets | Checksum: 201117d52

Time (s): cpu = 00:00:20 ; elapsed = 00:00:15 . Memory (MB): peak = 3076.059 ; gain = 0.000 ; free physical = 412 ; free virtual = 4729

Phase 10 Depositing Routes
Phase 10 Depositing Routes | Checksum: 21cc2f1a8

Time (s): cpu = 00:00:20 ; elapsed = 00:00:15 . Memory (MB): peak = 3076.059 ; gain = 0.000 ; free physical = 417 ; free virtual = 4732

Phase 11 Post Process Routing
Phase 11 Post Process Routing | Checksum: 21cc2f1a8

Time (s): cpu = 00:00:20 ; elapsed = 00:00:15 . Memory (MB): peak = 3076.059 ; gain = 0.000 ; free physical = 417 ; free virtual = 4732

Phase 12 Post Router Timing

Phase 12.1 Update Timing
Phase 12.1 Update Timing | Checksum: 21cc2f1a8

Time (s): cpu = 00:00:20 ; elapsed = 00:00:15 . Memory (MB): peak = 3076.059 ; gain = 0.000 ; free physical = 416 ; free virtual = 4739
INFO: [Route 35-57] Estimated Timing Summary | WNS=6.442  | TNS=0.000  | WHS=0.092  | THS=0.000  |

INFO: [Route 35-327] The final timing numbers are based on the router estimated timing analysis. For a complete and accurate timing signoff, please run report_timing_summary.
Phase 12 Post Router Timing | Checksum: 21cc2f1a8

Time (s): cpu = 00:00:20 ; elapsed = 00:00:15 . Memory (MB): peak = 3076.059 ; gain = 0.000 ; free physical = 416 ; free virtual = 4739
Total Elapsed time in route_design: 15.39 secs

Phase 13 Post-Route Event Processing
Phase 13 Post-Route Event Processing | Checksum: c5b4b7c0

Time (s): cpu = 00:00:20 ; elapsed = 00:00:15 . Memory (MB): peak = 3076.059 ; gain = 0.000 ; free physical = 416 ; free virtual = 4739
INFO: [Route 35-16] Router Completed Successfully
Ending Routing Task | Checksum: c5b4b7c0

Time (s): cpu = 00:00:20 ; elapsed = 00:00:15 . Memory (MB): peak = 3076.059 ; gain = 0.000 ; free physical = 416 ; free virtual = 4739

Routing Is Done.
INFO: [Common 17-83] Releasing license: Implementation
106 Infos, 5 Warnings, 3 Critical Warnings and 0 Errors encountered.
route_design completed successfully
INFO: [Common 17-600] The following parameters have non-default value.
tcl.statsThreshold
INFO: [Vivado 12-24828] Executing command : report_drc -file top_v3_drc_routed.rpt -pb top_v3_drc_routed.pb -rpx top_v3_drc_routed.rpx
Command: report_drc -file top_v3_drc_routed.rpt -pb top_v3_drc_routed.pb -rpx top_v3_drc_routed.rpx
INFO: [IP_Flow 19-1839] IP Catalog is up to date.
INFO: [DRC 23-27] Running DRC with 8 threads
INFO: [Vivado_Tcl 2-168] The results of DRC are in file /home/frankie/WCIS/FLASH-ADC-CHARACTERIZATION/vivado projects/Fs_iterations/Fs_4M/Fs_4M.runs/impl_1/top_v3_drc_routed.rpt.
report_drc completed successfully
INFO: [Vivado 12-24828] Executing command : report_methodology -file top_v3_methodology_drc_routed.rpt -pb top_v3_methodology_drc_routed.pb -rpx top_v3_methodology_drc_routed.rpx
Command: report_methodology -file top_v3_methodology_drc_routed.rpt -pb top_v3_methodology_drc_routed.pb -rpx top_v3_methodology_drc_routed.rpx
INFO: [Timing 38-35] Done setting XDC timing constraints.
INFO: [DRC 23-133] Running Methodology with 8 threads
INFO: [Vivado_Tcl 2-1520] The results of Report Methodology are in file /home/frankie/WCIS/FLASH-ADC-CHARACTERIZATION/vivado projects/Fs_iterations/Fs_4M/Fs_4M.runs/impl_1/top_v3_methodology_drc_routed.rpt.
report_methodology completed successfully
INFO: [Vivado 12-24828] Executing command : report_timing_summary -max_paths 10 -routable_nets -report_unconstrained -file top_v3_timing_summary_routed.rpt -pb top_v3_timing_summary_routed.pb -rpx top_v3_timing_summary_routed.rpx -warn_on_violation 
INFO: [Timing 38-35] Done setting XDC timing constraints.
INFO: [Timing 38-91] UpdateTimingParams: Speed grade: -1, Delay Type: min_max.
INFO: [Timing 38-191] Multithreading enabled for timing update using a maximum of 8 CPUs
INFO: [Vivado 12-24838] Running report commands "report_bus_skew, report_incremental_reuse, report_route_status" in parallel.
Running report generation with 3 threads.
INFO: [Vivado 12-24828] Executing command : report_incremental_reuse -file top_v3_incremental_reuse_routed.rpt
INFO: [Vivado_Tcl 4-1062] Incremental flow is disabled. No incremental reuse Info to report.
INFO: [Vivado 12-24828] Executing command : report_route_status -file top_v3_route_status.rpt -pb top_v3_route_status.pb
INFO: [Vivado 12-24828] Executing command : report_bus_skew -warn_on_violation -file top_v3_bus_skew_routed.rpt -pb top_v3_bus_skew_routed.pb -rpx top_v3_bus_skew_routed.rpx
INFO: [Timing 38-91] UpdateTimingParams: Speed grade: -1, Delay Type: min_max.
INFO: [Timing 38-191] Multithreading enabled for timing update using a maximum of 8 CPUs
INFO: [Vivado 12-24828] Executing command : report_power -file top_v3_power_routed.rpt -pb top_v3_power_summary_routed.pb -rpx top_v3_power_routed.rpx
Command: report_power -file top_v3_power_routed.rpt -pb top_v3_power_summary_routed.pb -rpx top_v3_power_routed.rpx
Running Vector-less Activity Propagation...

Finished Running Vector-less Activity Propagation
127 Infos, 5 Warnings, 3 Critical Warnings and 0 Errors encountered.
report_power completed successfully
INFO: [Vivado 12-24828] Executing command : report_clock_utilization -file top_v3_clock_utilization_routed.rpt
INFO: [Timing 38-480] Writing timing data to binary archive.
Wrote PlaceDB: Time (s): cpu = 00:00:00 ; elapsed = 00:00:00 . Memory (MB): peak = 3076.059 ; gain = 0.000 ; free physical = 408 ; free virtual = 4724
Wrote PulsedLatchDB: Time (s): cpu = 00:00:00 ; elapsed = 00:00:00 . Memory (MB): peak = 3076.059 ; gain = 0.000 ; free physical = 408 ; free virtual = 4724
Writing XDEF routing.
Write ShapeDB Complete: Time (s): cpu = 00:00:00.01 ; elapsed = 00:00:00 . Memory (MB): peak = 3076.059 ; gain = 0.000 ; free physical = 407 ; free virtual = 4724
Writing XDEF routing logical nets.
Writing XDEF routing special nets.
Wrote RouteStorage: Time (s): cpu = 00:00:00.12 ; elapsed = 00:00:00.03 . Memory (MB): peak = 3076.059 ; gain = 0.000 ; free physical = 415 ; free virtual = 4724
Wrote PlaceStorage: Time (s): cpu = 00:00:00.13 ; elapsed = 00:00:00.04 . Memory (MB): peak = 3076.059 ; gain = 0.000 ; free physical = 413 ; free virtual = 4723
Wrote Netlist Cache: Time (s): cpu = 00:00:00 ; elapsed = 00:00:00 . Memory (MB): peak = 3076.059 ; gain = 0.000 ; free physical = 414 ; free virtual = 4724
Wrote Device Cache: Time (s): cpu = 00:00:00.01 ; elapsed = 00:00:00.01 . Memory (MB): peak = 3076.059 ; gain = 0.000 ; free physical = 404 ; free virtual = 4723
Write Physdb Complete: Time (s): cpu = 00:00:00.26 ; elapsed = 00:00:00.08 . Memory (MB): peak = 3076.059 ; gain = 0.000 ; free physical = 404 ; free virtual = 4723
INFO: [Common 17-1381] The checkpoint '/home/frankie/WCIS/FLASH-ADC-CHARACTERIZATION/vivado projects/Fs_iterations/Fs_4M/Fs_4M.runs/impl_1/top_v3_routed.dcp' has been generated.
Command: write_bitstream -force top_v3.bit
Attempting to get a license for feature 'Implementation' and/or device 'xc7a35t'
INFO: [Common 17-349] Got license for feature 'Implementation' and/or device 'xc7a35t'
Running DRC as a precondition to command write_bitstream
INFO: [IP_Flow 19-1839] IP Catalog is up to date.
INFO: [DRC 23-27] Running DRC with 8 threads
INFO: [Vivado 12-3199] DRC finished with 0 Errors
INFO: [Vivado 12-3200] Please refer to the DRC report (report_drc) for more information.
Integrating Hard IP ELF/MEM with the PDI.
INFO: [Designutils 20-2272] Running write_bitstream with 8 threads.
Loading data files...
Loading site data...
Loading route data...
Processing options...
Creating bitmap...
Creating bitstream...
Writing bitstream ./top_v3.bit...
INFO: [Vivado 12-1842] Bitgen Completed Successfully.
INFO: [Common 17-83] Releasing license: Implementation
138 Infos, 5 Warnings, 3 Critical Warnings and 0 Errors encountered.
write_bitstream completed successfully
INFO: [Common 17-206] Exiting Vivado at Mon Mar 23 18:42:43 2026...
